{"/Users/guige/share-tool/crypto.js": {"path":"/Users/guige/share-tool/crypto.js","statementMap":{"0":{"start":{"line":8,"column":15},"end":{"line":8,"column":32}},"1":{"start":{"line":11,"column":18},"end":{"line":11,"column":31}},"2":{"start":{"line":12,"column":18},"end":{"line":12,"column":20}},"3":{"start":{"line":13,"column":24},"end":{"line":13,"column":26}},"4":{"start":{"line":14,"column":20},"end":{"line":14,"column":22}},"5":{"start":{"line":15,"column":19},"end":{"line":15,"column":21}},"6":{"start":{"line":16,"column":19},"end":{"line":16,"column":25}},"7":{"start":{"line":25,"column":2},"end":{"line":25,"column":77}},"8":{"start":{"line":35,"column":15},"end":{"line":35,"column":46}},"9":{"start":{"line":36,"column":14},"end":{"line":36,"column":39}},"10":{"start":{"line":37,"column":13},"end":{"line":37,"column":42}},"11":{"start":{"line":39,"column":17},"end":{"line":41,"column":4}},"12":{"start":{"line":43,"column":15},"end":{"line":43,"column":86}},"13":{"start":{"line":44,"column":20},"end":{"line":44,"column":72}},"14":{"start":{"line":45,"column":18},"end":{"line":45,"column":37}},"15":{"start":{"line":48,"column":2},"end":{"line":48,"column":55}},"16":{"start":{"line":58,"column":2},"end":{"line":74,"column":3}},"17":{"start":{"line":59,"column":17},"end":{"line":59,"column":55}},"18":{"start":{"line":60,"column":15},"end":{"line":60,"column":75}},"19":{"start":{"line":61,"column":20},"end":{"line":61,"column":110}},"20":{"start":{"line":62,"column":23},"end":{"line":62,"column":88}},"21":{"start":{"line":64,"column":16},"end":{"line":64,"column":41}},"22":{"start":{"line":66,"column":21},"end":{"line":68,"column":6}},"23":{"start":{"line":69,"column":4},"end":{"line":69,"column":33}},"24":{"start":{"line":71,"column":4},"end":{"line":71,"column":74}},"25":{"start":{"line":73,"column":4},"end":{"line":73,"column":16}},"26":{"start":{"line":84,"column":2},"end":{"line":84,"column":40}},"27":{"start":{"line":94,"column":2},"end":{"line":94,"column":45}},"28":{"start":{"line":104,"column":20},"end":{"line":104,"column":52}},"29":{"start":{"line":105,"column":2},"end":{"line":105,"column":28}},"30":{"start":{"line":114,"column":2},"end":{"line":116,"column":3}},"31":{"start":{"line":115,"column":4},"end":{"line":115,"column":16}},"32":{"start":{"line":117,"column":2},"end":{"line":123,"column":4}},"33":{"start":{"line":126,"column":0},"end":{"line":137,"column":2}}},"fnMap":{"0":{"name":"deriveKey","decl":{"start":{"line":24,"column":9},"end":{"line":24,"column":18}},"loc":{"start":{"line":24,"column":35},"end":{"line":26,"column":1}},"line":24},"1":{"name":"encrypt","decl":{"start":{"line":34,"column":9},"end":{"line":34,"column":16}},"loc":{"start":{"line":34,"column":38},"end":{"line":49,"column":1}},"line":34},"2":{"name":"decrypt","decl":{"start":{"line":57,"column":9},"end":{"line":57,"column":16}},"loc":{"start":{"line":57,"column":42},"end":{"line":75,"column":1}},"line":57},"3":{"name":"encryptFile","decl":{"start":{"line":83,"column":9},"end":{"line":83,"column":20}},"loc":{"start":{"line":83,"column":44},"end":{"line":85,"column":1}},"line":83},"4":{"name":"decryptFile","decl":{"start":{"line":93,"column":9},"end":{"line":93,"column":20}},"loc":{"start":{"line":93,"column":49},"end":{"line":95,"column":1}},"line":93},"5":{"name":"verifyPassword","decl":{"start":{"line":103,"column":9},"end":{"line":103,"column":23}},"loc":{"start":{"line":103,"column":49},"end":{"line":106,"column":1}},"line":103},"6":{"name":"getEncryptionInfo","decl":{"start":{"line":113,"column":9},"end":{"line":113,"column":26}},"loc":{"start":{"line":113,"column":42},"end":{"line":124,"column":1}},"line":113}},"branchMap":{"0":{"loc":{"start":{"line":43,"column":15},"end":{"line":43,"column":86}},"type":"cond-expr","locations":[{"start":{"line":43,"column":44},"end":{"line":43,"column":53}},{"start":{"line":43,"column":56},"end":{"line":43,"column":86}}],"line":43},"1":{"loc":{"start":{"line":114,"column":2},"end":{"line":116,"column":3}},"type":"if","locations":[{"start":{"line":114,"column":2},"end":{"line":116,"column":3}},{"start":{},"end":{}}],"line":114}},"s":{"0":0,"1":0,"2":0,"3":0,"4":0,"5":0,"6":0,"7":0,"8":0,"9":0,"10":0,"11":0,"12":0,"13":0,"14":0,"15":0,"16":0,"17":0,"18":0,"19":0,"20":0,"21":0,"22":0,"23":0,"24":0,"25":0,"26":0,"27":0,"28":0,"29":0,"30":0,"31":0,"32":0,"33":0},"f":{"0":0,"1":0,"2":0,"3":0,"4":0,"5":0,"6":0},"b":{"0":[0,0],"1":[0,0]}}
,"/Users/guige/share-tool/db.js": {"path":"/Users/guige/share-tool/db.js","statementMap":{"0":{"start":{"line":7,"column":17},"end":{"line":7,"column":42}},"1":{"start":{"line":8,"column":13},"end":{"line":8,"column":28}},"2":{"start":{"line":9,"column":11},"end":{"line":9,"column":24}},"3":{"start":{"line":10,"column":15},"end":{"line":10,"column":32}},"4":{"start":{"line":12,"column":16},"end":{"line":12,"column":105}},"5":{"start":{"line":13,"column":23},"end":{"line":13,"column":24}},"6":{"start":{"line":15,"column":9},"end":{"line":15,"column":13}},"7":{"start":{"line":18,"column":2},"end":{"line":27,"column":3}},"8":{"start":{"line":19,"column":18},"end":{"line":19,"column":39}},"9":{"start":{"line":20,"column":15},"end":{"line":20,"column":28}},"10":{"start":{"line":21,"column":4},"end":{"line":23,"column":5}},"11":{"start":{"line":22,"column":6},"end":{"line":22,"column":47}},"12":{"start":{"line":24,"column":4},"end":{"line":24,"column":31}},"13":{"start":{"line":25,"column":4},"end":{"line":25,"column":36}},"14":{"start":{"line":26,"column":4},"end":{"line":26,"column":35}},"15":{"start":{"line":28,"column":2},"end":{"line":28,"column":12}},"16":{"start":{"line":35,"column":26},"end":{"line":35,"column":28}},"17":{"start":{"line":36,"column":26},"end":{"line":36,"column":28}},"18":{"start":{"line":39,"column":2},"end":{"line":39,"column":29}},"19":{"start":{"line":39,"column":17},"end":{"line":39,"column":29}},"20":{"start":{"line":40,"column":15},"end":{"line":40,"column":68}},"21":{"start":{"line":41,"column":15},"end":{"line":41,"column":83}},"22":{"start":{"line":42,"column":2},"end":{"line":42,"column":27}},"23":{"start":{"line":46,"column":2},"end":{"line":46,"column":41}},"24":{"start":{"line":46,"column":28},"end":{"line":46,"column":41}},"25":{"start":{"line":48,"column":2},"end":{"line":48,"column":56}},"26":{"start":{"line":48,"column":29},"end":{"line":48,"column":56}},"27":{"start":{"line":49,"column":23},"end":{"line":49,"column":40}},"28":{"start":{"line":50,"column":20},"end":{"line":50,"column":88}},"29":{"start":{"line":51,"column":2},"end":{"line":51,"column":28}},"30":{"start":{"line":58,"column":13},"end":{"line":58,"column":20}},"31":{"start":{"line":61,"column":2},"end":{"line":66,"column":5}},"32":{"start":{"line":70,"column":21},"end":{"line":70,"column":130}},"33":{"start":{"line":71,"column":2},"end":{"line":77,"column":3}},"34":{"start":{"line":72,"column":4},"end":{"line":72,"column":21}},"35":{"start":{"line":73,"column":4},"end":{"line":73,"column":21}},"36":{"start":{"line":74,"column":4},"end":{"line":74,"column":111}},"37":{"start":{"line":75,"column":4},"end":{"line":75,"column":66}},"38":{"start":{"line":76,"column":4},"end":{"line":76,"column":11}},"39":{"start":{"line":80,"column":14},"end":{"line":80,"column":86}},"40":{"start":{"line":81,"column":23},"end":{"line":81,"column":56}},"41":{"start":{"line":83,"column":2},"end":{"line":83,"column":76}},"42":{"start":{"line":86,"column":2},"end":{"line":94,"column":3}},"43":{"start":{"line":87,"column":4},"end":{"line":87,"column":38}},"44":{"start":{"line":88,"column":4},"end":{"line":88,"column":111}},"45":{"start":{"line":89,"column":4},"end":{"line":89,"column":36}},"46":{"start":{"line":90,"column":9},"end":{"line":94,"column":3}},"47":{"start":{"line":92,"column":4},"end":{"line":92,"column":21}},"48":{"start":{"line":93,"column":4},"end":{"line":93,"column":98}},"49":{"start":{"line":96,"column":2},"end":{"line":96,"column":49}},"50":{"start":{"line":97,"column":2},"end":{"line":97,"column":12}},"51":{"start":{"line":102,"column":2},"end":{"line":115,"column":5}},"52":{"start":{"line":118,"column":2},"end":{"line":128,"column":5}},"53":{"start":{"line":131,"column":2},"end":{"line":143,"column":5}},"54":{"start":{"line":146,"column":2},"end":{"line":156,"column":5}},"55":{"start":{"line":159,"column":2},"end":{"line":168,"column":5}},"56":{"start":{"line":171,"column":2},"end":{"line":179,"column":5}},"57":{"start":{"line":182,"column":2},"end":{"line":195,"column":5}},"58":{"start":{"line":198,"column":2},"end":{"line":204,"column":5}},"59":{"start":{"line":207,"column":2},"end":{"line":216,"column":5}},"60":{"start":{"line":218,"column":2},"end":{"line":218,"column":44}},"61":{"start":{"line":223,"column":2},"end":{"line":228,"column":3}},"62":{"start":{"line":224,"column":4},"end":{"line":224,"column":76}},"63":{"start":{"line":225,"column":4},"end":{"line":225,"column":54}},"64":{"start":{"line":227,"column":4},"end":{"line":227,"column":57}},"65":{"start":{"line":227,"column":49},"end":{"line":227,"column":57}},"66":{"start":{"line":231,"column":2},"end":{"line":236,"column":3}},"67":{"start":{"line":232,"column":4},"end":{"line":232,"column":78}},"68":{"start":{"line":233,"column":4},"end":{"line":233,"column":58}},"69":{"start":{"line":235,"column":4},"end":{"line":235,"column":57}},"70":{"start":{"line":235,"column":49},"end":{"line":235,"column":57}},"71":{"start":{"line":239,"column":2},"end":{"line":244,"column":3}},"72":{"start":{"line":240,"column":4},"end":{"line":240,"column":78}},"73":{"start":{"line":241,"column":4},"end":{"line":241,"column":66}},"74":{"start":{"line":243,"column":4},"end":{"line":243,"column":57}},"75":{"start":{"line":243,"column":49},"end":{"line":243,"column":57}},"76":{"start":{"line":247,"column":2},"end":{"line":252,"column":3}},"77":{"start":{"line":248,"column":4},"end":{"line":248,"column":97}},"78":{"start":{"line":249,"column":4},"end":{"line":249,"column":66}},"79":{"start":{"line":251,"column":4},"end":{"line":251,"column":57}},"80":{"start":{"line":251,"column":49},"end":{"line":251,"column":57}},"81":{"start":{"line":255,"column":2},"end":{"line":260,"column":3}},"82":{"start":{"line":256,"column":4},"end":{"line":256,"column":97}},"83":{"start":{"line":257,"column":4},"end":{"line":257,"column":53}},"84":{"start":{"line":259,"column":4},"end":{"line":259,"column":57}},"85":{"start":{"line":259,"column":49},"end":{"line":259,"column":57}},"86":{"start":{"line":265,"column":2},"end":{"line":278,"column":3}},"87":{"start":{"line":266,"column":4},"end":{"line":274,"column":7}},"88":{"start":{"line":275,"column":4},"end":{"line":275,"column":51}},"89":{"start":{"line":277,"column":4},"end":{"line":277,"column":56}},"90":{"start":{"line":277,"column":48},"end":{"line":277,"column":56}},"91":{"start":{"line":281,"column":2},"end":{"line":286,"column":3}},"92":{"start":{"line":282,"column":4},"end":{"line":282,"column":80}},"93":{"start":{"line":283,"column":4},"end":{"line":283,"column":59}},"94":{"start":{"line":285,"column":4},"end":{"line":285,"column":56}},"95":{"start":{"line":285,"column":48},"end":{"line":285,"column":56}},"96":{"start":{"line":291,"column":2},"end":{"line":307,"column":3}},"97":{"start":{"line":292,"column":4},"end":{"line":303,"column":7}},"98":{"start":{"line":304,"column":4},"end":{"line":304,"column":54}},"99":{"start":{"line":306,"column":4},"end":{"line":306,"column":56}},"100":{"start":{"line":306,"column":48},"end":{"line":306,"column":56}},"101":{"start":{"line":311,"column":2},"end":{"line":311,"column":84}},"102":{"start":{"line":312,"column":2},"end":{"line":321,"column":3}},"103":{"start":{"line":312,"column":15},"end":{"line":312,"column":30}},"104":{"start":{"line":313,"column":4},"end":{"line":319,"column":5}},"105":{"start":{"line":314,"column":6},"end":{"line":314,"column":23}},"106":{"start":{"line":315,"column":11},"end":{"line":319,"column":5}},"107":{"start":{"line":316,"column":6},"end":{"line":316,"column":23}},"108":{"start":{"line":317,"column":11},"end":{"line":319,"column":5}},"109":{"start":{"line":318,"column":6},"end":{"line":318,"column":23}},"110":{"start":{"line":320,"column":4},"end":{"line":320,"column":52}},"111":{"start":{"line":327,"column":20},"end":{"line":327,"column":102}},"112":{"start":{"line":330,"column":13},"end":{"line":330,"column":20}},"113":{"start":{"line":331,"column":15},"end":{"line":331,"column":63}},"114":{"start":{"line":332,"column":2},"end":{"line":334,"column":3}},"115":{"start":{"line":333,"column":4},"end":{"line":333,"column":83}},"116":{"start":{"line":335,"column":2},"end":{"line":354,"column":3}},"117":{"start":{"line":336,"column":24},"end":{"line":336,"column":83}},"118":{"start":{"line":337,"column":17},"end":{"line":340,"column":6}},"119":{"start":{"line":341,"column":19},"end":{"line":341,"column":104}},"120":{"start":{"line":342,"column":19},"end":{"line":342,"column":41}},"121":{"start":{"line":345,"column":4},"end":{"line":345,"column":61}},"122":{"start":{"line":347,"column":4},"end":{"line":347,"column":59}},"123":{"start":{"line":349,"column":4},"end":{"line":352,"column":5}},"124":{"start":{"line":351,"column":6},"end":{"line":351,"column":76}},"125":{"start":{"line":353,"column":4},"end":{"line":353,"column":12}},"126":{"start":{"line":358,"column":13},"end":{"line":358,"column":20}},"127":{"start":{"line":359,"column":14},"end":{"line":359,"column":93}},"128":{"start":{"line":360,"column":2},"end":{"line":360,"column":13}},"129":{"start":{"line":364,"column":13},"end":{"line":364,"column":20}},"130":{"start":{"line":365,"column":2},"end":{"line":365,"column":77}},"131":{"start":{"line":369,"column":13},"end":{"line":369,"column":20}},"132":{"start":{"line":370,"column":20},"end":{"line":370,"column":66}},"133":{"start":{"line":371,"column":19},"end":{"line":371,"column":104}},"134":{"start":{"line":372,"column":16},"end":{"line":377,"column":65}},"135":{"start":{"line":379,"column":16},"end":{"line":381,"column":55}},"136":{"start":{"line":382,"column":2},"end":{"line":382,"column":26}},"137":{"start":{"line":386,"column":13},"end":{"line":386,"column":20}},"138":{"start":{"line":387,"column":19},"end":{"line":387,"column":42}},"139":{"start":{"line":388,"column":2},"end":{"line":388,"column":29}},"140":{"start":{"line":388,"column":17},"end":{"line":388,"column":29}},"141":{"start":{"line":390,"column":17},"end":{"line":390,"column":19}},"142":{"start":{"line":391,"column":17},"end":{"line":391,"column":19}},"143":{"start":{"line":393,"column":2},"end":{"line":400,"column":3}},"144":{"start":{"line":394,"column":4},"end":{"line":394,"column":31}},"145":{"start":{"line":395,"column":4},"end":{"line":395,"column":33}},"146":{"start":{"line":396,"column":4},"end":{"line":396,"column":28}},"147":{"start":{"line":397,"column":4},"end":{"line":397,"column":60}},"148":{"start":{"line":398,"column":4},"end":{"line":398,"column":28}},"149":{"start":{"line":399,"column":4},"end":{"line":399,"column":80}},"150":{"start":{"line":401,"column":2},"end":{"line":401,"column":89}},"151":{"start":{"line":401,"column":36},"end":{"line":401,"column":60}},"152":{"start":{"line":401,"column":61},"end":{"line":401,"column":87}},"153":{"start":{"line":402,"column":2},"end":{"line":402,"column":89}},"154":{"start":{"line":402,"column":36},"end":{"line":402,"column":60}},"155":{"start":{"line":402,"column":61},"end":{"line":402,"column":87}},"156":{"start":{"line":403,"column":2},"end":{"line":403,"column":112}},"157":{"start":{"line":403,"column":41},"end":{"line":403,"column":70}},"158":{"start":{"line":403,"column":71},"end":{"line":403,"column":110}},"159":{"start":{"line":405,"column":2},"end":{"line":405,"column":42}},"160":{"start":{"line":406,"column":2},"end":{"line":406,"column":24}},"161":{"start":{"line":408,"column":15},"end":{"line":408,"column":85}},"162":{"start":{"line":409,"column":2},"end":{"line":409,"column":22}},"163":{"start":{"line":411,"column":18},"end":{"line":411,"column":41}},"164":{"start":{"line":412,"column":2},"end":{"line":412,"column":79}},"165":{"start":{"line":413,"column":2},"end":{"line":413,"column":17}},"166":{"start":{"line":417,"column":13},"end":{"line":417,"column":20}},"167":{"start":{"line":418,"column":19},"end":{"line":418,"column":30}},"168":{"start":{"line":419,"column":2},"end":{"line":419,"column":29}},"169":{"start":{"line":419,"column":17},"end":{"line":419,"column":29}},"170":{"start":{"line":421,"column":17},"end":{"line":421,"column":19}},"171":{"start":{"line":422,"column":17},"end":{"line":422,"column":19}},"172":{"start":{"line":424,"column":2},"end":{"line":431,"column":3}},"173":{"start":{"line":425,"column":4},"end":{"line":425,"column":31}},"174":{"start":{"line":426,"column":4},"end":{"line":426,"column":33}},"175":{"start":{"line":427,"column":4},"end":{"line":427,"column":28}},"176":{"start":{"line":428,"column":4},"end":{"line":428,"column":60}},"177":{"start":{"line":429,"column":4},"end":{"line":429,"column":28}},"178":{"start":{"line":430,"column":4},"end":{"line":430,"column":80}},"179":{"start":{"line":432,"column":2},"end":{"line":432,"column":89}},"180":{"start":{"line":432,"column":36},"end":{"line":432,"column":60}},"181":{"start":{"line":432,"column":61},"end":{"line":432,"column":87}},"182":{"start":{"line":433,"column":2},"end":{"line":433,"column":89}},"183":{"start":{"line":433,"column":36},"end":{"line":433,"column":60}},"184":{"start":{"line":433,"column":61},"end":{"line":433,"column":87}},"185":{"start":{"line":434,"column":2},"end":{"line":434,"column":101}},"186":{"start":{"line":434,"column":40},"end":{"line":434,"column":68}},"187":{"start":{"line":434,"column":69},"end":{"line":434,"column":99}},"188":{"start":{"line":435,"column":2},"end":{"line":435,"column":112}},"189":{"start":{"line":435,"column":41},"end":{"line":435,"column":70}},"190":{"start":{"line":435,"column":71},"end":{"line":435,"column":110}},"191":{"start":{"line":437,"column":2},"end":{"line":437,"column":42}},"192":{"start":{"line":438,"column":2},"end":{"line":438,"column":18}},"193":{"start":{"line":440,"column":15},"end":{"line":440,"column":79}},"194":{"start":{"line":441,"column":2},"end":{"line":441,"column":22}},"195":{"start":{"line":443,"column":18},"end":{"line":443,"column":29}},"196":{"start":{"line":444,"column":2},"end":{"line":446,"column":3}},"197":{"start":{"line":445,"column":4},"end":{"line":445,"column":89}},"198":{"start":{"line":447,"column":2},"end":{"line":447,"column":17}},"199":{"start":{"line":451,"column":13},"end":{"line":451,"column":20}},"200":{"start":{"line":452,"column":19},"end":{"line":452,"column":42}},"201":{"start":{"line":453,"column":2},"end":{"line":453,"column":30}},"202":{"start":{"line":453,"column":17},"end":{"line":453,"column":30}},"203":{"start":{"line":455,"column":2},"end":{"line":455,"column":82}},"204":{"start":{"line":456,"column":2},"end":{"line":456,"column":67}},"205":{"start":{"line":457,"column":2},"end":{"line":457,"column":14}},"206":{"start":{"line":461,"column":13},"end":{"line":461,"column":20}},"207":{"start":{"line":462,"column":19},"end":{"line":462,"column":45}},"208":{"start":{"line":463,"column":2},"end":{"line":463,"column":59}},"209":{"start":{"line":463,"column":17},"end":{"line":463,"column":59}},"210":{"start":{"line":466,"column":19},"end":{"line":466,"column":45}},"211":{"start":{"line":467,"column":2},"end":{"line":467,"column":59}},"212":{"start":{"line":467,"column":16},"end":{"line":467,"column":59}},"213":{"start":{"line":470,"column":16},"end":{"line":470,"column":27}},"214":{"start":{"line":471,"column":2},"end":{"line":471,"column":121}},"215":{"start":{"line":474,"column":18},"end":{"line":474,"column":44}},"216":{"start":{"line":475,"column":2},"end":{"line":477,"column":3}},"217":{"start":{"line":476,"column":4},"end":{"line":476,"column":84}},"218":{"start":{"line":479,"column":2},"end":{"line":479,"column":90}},"219":{"start":{"line":484,"column":13},"end":{"line":484,"column":20}},"220":{"start":{"line":485,"column":18},"end":{"line":485,"column":69}},"221":{"start":{"line":486,"column":17},"end":{"line":486,"column":83}},"222":{"start":{"line":487,"column":2},"end":{"line":487,"column":37}},"223":{"start":{"line":492,"column":13},"end":{"line":492,"column":20}},"224":{"start":{"line":493,"column":21},"end":{"line":493,"column":81}},"225":{"start":{"line":494,"column":27},"end":{"line":494,"column":80}},"226":{"start":{"line":496,"column":16},"end":{"line":496,"column":98}},"227":{"start":{"line":497,"column":16},"end":{"line":497,"column":17}},"228":{"start":{"line":498,"column":2},"end":{"line":502,"column":3}},"229":{"start":{"line":499,"column":24},"end":{"line":499,"column":128}},"230":{"start":{"line":500,"column":4},"end":{"line":500,"column":84}},"231":{"start":{"line":501,"column":4},"end":{"line":501,"column":14}},"232":{"start":{"line":503,"column":2},"end":{"line":503,"column":21}},"233":{"start":{"line":508,"column":13},"end":{"line":508,"column":20}},"234":{"start":{"line":509,"column":17},"end":{"line":509,"column":46}},"235":{"start":{"line":510,"column":2},"end":{"line":510,"column":58}},"236":{"start":{"line":510,"column":15},"end":{"line":510,"column":58}},"237":{"start":{"line":513,"column":19},"end":{"line":513,"column":45}},"238":{"start":{"line":514,"column":2},"end":{"line":514,"column":61}},"239":{"start":{"line":514,"column":16},"end":{"line":514,"column":61}},"240":{"start":{"line":517,"column":14},"end":{"line":517,"column":43}},"241":{"start":{"line":518,"column":15},"end":{"line":521,"column":4}},"242":{"start":{"line":522,"column":17},"end":{"line":533,"column":3}},"243":{"start":{"line":535,"column":16},"end":{"line":535,"column":38}},"244":{"start":{"line":538,"column":2},"end":{"line":538,"column":75}},"245":{"start":{"line":540,"column":2},"end":{"line":540,"column":99}},"246":{"start":{"line":545,"column":13},"end":{"line":545,"column":20}},"247":{"start":{"line":546,"column":18},"end":{"line":546,"column":87}},"248":{"start":{"line":547,"column":16},"end":{"line":547,"column":160}},"249":{"start":{"line":548,"column":14},"end":{"line":548,"column":43}},"250":{"start":{"line":549,"column":15},"end":{"line":549,"column":16}},"251":{"start":{"line":550,"column":2},"end":{"line":555,"column":3}},"252":{"start":{"line":551,"column":24},"end":{"line":551,"column":217}},"253":{"start":{"line":552,"column":4},"end":{"line":553,"column":150}},"254":{"start":{"line":554,"column":4},"end":{"line":554,"column":13}},"255":{"start":{"line":556,"column":2},"end":{"line":556,"column":20}},"256":{"start":{"line":560,"column":13},"end":{"line":560,"column":20}},"257":{"start":{"line":561,"column":19},"end":{"line":561,"column":30}},"258":{"start":{"line":562,"column":2},"end":{"line":562,"column":30}},"259":{"start":{"line":562,"column":17},"end":{"line":562,"column":30}},"260":{"start":{"line":564,"column":2},"end":{"line":564,"column":91}},"261":{"start":{"line":565,"column":2},"end":{"line":565,"column":55}},"262":{"start":{"line":566,"column":2},"end":{"line":566,"column":14}},"263":{"start":{"line":570,"column":13},"end":{"line":570,"column":20}},"264":{"start":{"line":571,"column":17},"end":{"line":571,"column":61}},"265":{"start":{"line":573,"column":19},"end":{"line":573,"column":85}},"266":{"start":{"line":574,"column":2},"end":{"line":576,"column":3}},"267":{"start":{"line":575,"column":4},"end":{"line":575,"column":65}},"268":{"start":{"line":578,"column":17},"end":{"line":578,"column":81}},"269":{"start":{"line":579,"column":2},"end":{"line":579,"column":54}},"270":{"start":{"line":583,"column":13},"end":{"line":583,"column":20}},"271":{"start":{"line":584,"column":19},"end":{"line":584,"column":58}},"272":{"start":{"line":585,"column":2},"end":{"line":587,"column":3}},"273":{"start":{"line":586,"column":4},"end":{"line":586,"column":65}},"274":{"start":{"line":588,"column":2},"end":{"line":588,"column":40}},"275":{"start":{"line":589,"column":2},"end":{"line":589,"column":38}},"276":{"start":{"line":597,"column":2},"end":{"line":597,"column":41}},"277":{"start":{"line":597,"column":31},"end":{"line":597,"column":41}},"278":{"start":{"line":598,"column":17},"end":{"line":598,"column":19}},"279":{"start":{"line":600,"column":18},"end":{"line":600,"column":55}},"280":{"start":{"line":601,"column":2},"end":{"line":601,"column":26}},"281":{"start":{"line":603,"column":18},"end":{"line":603,"column":56}},"282":{"start":{"line":604,"column":2},"end":{"line":604,"column":52}},"283":{"start":{"line":604,"column":34},"end":{"line":604,"column":49}},"284":{"start":{"line":605,"column":2},"end":{"line":605,"column":42}},"285":{"start":{"line":605,"column":28},"end":{"line":605,"column":40}},"286":{"start":{"line":613,"column":13},"end":{"line":613,"column":20}},"287":{"start":{"line":614,"column":40},"end":{"line":614,"column":44}},"288":{"start":{"line":616,"column":2},"end":{"line":618,"column":3}},"289":{"start":{"line":617,"column":4},"end":{"line":617,"column":102}},"290":{"start":{"line":620,"column":22},"end":{"line":620,"column":42}},"291":{"start":{"line":623,"column":2},"end":{"line":629,"column":3}},"292":{"start":{"line":624,"column":20},"end":{"line":624,"column":68}},"293":{"start":{"line":624,"column":45},"end":{"line":624,"column":67}},"294":{"start":{"line":625,"column":26},"end":{"line":625,"column":79}},"295":{"start":{"line":625,"column":44},"end":{"line":625,"column":64}},"296":{"start":{"line":626,"column":22},"end":{"line":626,"column":48}},"297":{"start":{"line":626,"column":39},"end":{"line":626,"column":47}},"298":{"start":{"line":627,"column":4},"end":{"line":628,"column":32}},"299":{"start":{"line":634,"column":2},"end":{"line":648,"column":3}},"300":{"start":{"line":636,"column":23},"end":{"line":639,"column":6}},"301":{"start":{"line":636,"column":52},"end":{"line":639,"column":5}},"302":{"start":{"line":640,"column":19},"end":{"line":640,"column":77}},"303":{"start":{"line":640,"column":48},"end":{"line":640,"column":76}},"304":{"start":{"line":642,"column":27},"end":{"line":642,"column":30}},"305":{"start":{"line":643,"column":4},"end":{"line":645,"column":37}},"306":{"start":{"line":647,"column":4},"end":{"line":647,"column":74}},"307":{"start":{"line":650,"column":2},"end":{"line":652,"column":3}},"308":{"start":{"line":651,"column":4},"end":{"line":651,"column":42}},"309":{"start":{"line":655,"column":17},"end":{"line":695,"column":20}},"310":{"start":{"line":656,"column":16},"end":{"line":656,"column":17}},"311":{"start":{"line":657,"column":21},"end":{"line":657,"column":53}},"312":{"start":{"line":658,"column":21},"end":{"line":658,"column":49}},"313":{"start":{"line":660,"column":4},"end":{"line":681,"column":5}},"314":{"start":{"line":662,"column":6},"end":{"line":680,"column":7}},"315":{"start":{"line":663,"column":8},"end":{"line":663,"column":21}},"316":{"start":{"line":666,"column":11},"end":{"line":680,"column":7}},"317":{"start":{"line":667,"column":8},"end":{"line":667,"column":20}},"318":{"start":{"line":670,"column":11},"end":{"line":680,"column":7}},"319":{"start":{"line":671,"column":8},"end":{"line":671,"column":20}},"320":{"start":{"line":674,"column":11},"end":{"line":680,"column":7}},"321":{"start":{"line":675,"column":8},"end":{"line":675,"column":20}},"322":{"start":{"line":678,"column":11},"end":{"line":680,"column":7}},"323":{"start":{"line":679,"column":8},"end":{"line":679,"column":20}},"324":{"start":{"line":684,"column":4},"end":{"line":689,"column":5}},"325":{"start":{"line":685,"column":22},"end":{"line":685,"column":70}},"326":{"start":{"line":685,"column":47},"end":{"line":685,"column":69}},"327":{"start":{"line":686,"column":25},"end":{"line":686,"column":65}},"328":{"start":{"line":686,"column":44},"end":{"line":686,"column":64}},"329":{"start":{"line":687,"column":6},"end":{"line":687,"column":35}},"330":{"start":{"line":687,"column":23},"end":{"line":687,"column":35}},"331":{"start":{"line":688,"column":6},"end":{"line":688,"column":18}},"332":{"start":{"line":691,"column":4},"end":{"line":693,"column":5}},"333":{"start":{"line":692,"column":6},"end":{"line":692,"column":29}},"334":{"start":{"line":694,"column":4},"end":{"line":694,"column":16}},"335":{"start":{"line":698,"column":2},"end":{"line":701,"column":5}},"336":{"start":{"line":699,"column":4},"end":{"line":699,"column":54}},"337":{"start":{"line":699,"column":29},"end":{"line":699,"column":54}},"338":{"start":{"line":700,"column":4},"end":{"line":700,"column":39}},"339":{"start":{"line":703,"column":2},"end":{"line":703,"column":32}},"340":{"start":{"line":707,"column":13},"end":{"line":707,"column":20}},"341":{"start":{"line":708,"column":2},"end":{"line":712,"column":26}},"342":{"start":{"line":716,"column":13},"end":{"line":716,"column":20}},"343":{"start":{"line":717,"column":2},"end":{"line":717,"column":71}},"344":{"start":{"line":721,"column":13},"end":{"line":721,"column":20}},"345":{"start":{"line":722,"column":14},"end":{"line":722,"column":83}},"346":{"start":{"line":723,"column":2},"end":{"line":723,"column":19}},"347":{"start":{"line":730,"column":13},"end":{"line":730,"column":20}},"348":{"start":{"line":731,"column":15},"end":{"line":740,"column":4}},"349":{"start":{"line":741,"column":2},"end":{"line":741,"column":43}},"350":{"start":{"line":742,"column":2},"end":{"line":742,"column":29}},"351":{"start":{"line":746,"column":13},"end":{"line":746,"column":20}},"352":{"start":{"line":747,"column":2},"end":{"line":747,"column":79}},"353":{"start":{"line":751,"column":13},"end":{"line":751,"column":20}},"354":{"start":{"line":752,"column":2},"end":{"line":752,"column":75}},"355":{"start":{"line":756,"column":13},"end":{"line":756,"column":20}},"356":{"start":{"line":757,"column":2},"end":{"line":757,"column":83}},"357":{"start":{"line":761,"column":13},"end":{"line":761,"column":20}},"358":{"start":{"line":762,"column":2},"end":{"line":762,"column":108}},"359":{"start":{"line":766,"column":13},"end":{"line":766,"column":20}},"360":{"start":{"line":767,"column":2},"end":{"line":767,"column":108}},"361":{"start":{"line":771,"column":13},"end":{"line":771,"column":20}},"362":{"start":{"line":772,"column":2},"end":{"line":772,"column":71}},"363":{"start":{"line":776,"column":13},"end":{"line":776,"column":20}},"364":{"start":{"line":777,"column":17},"end":{"line":777,"column":68}},"365":{"start":{"line":778,"column":2},"end":{"line":778,"column":81}},"366":{"start":{"line":785,"column":13},"end":{"line":785,"column":20}},"367":{"start":{"line":786,"column":15},"end":{"line":789,"column":4}},"368":{"start":{"line":790,"column":2},"end":{"line":790,"column":64}},"369":{"start":{"line":794,"column":13},"end":{"line":794,"column":20}},"370":{"start":{"line":795,"column":2},"end":{"line":801,"column":16}},"371":{"start":{"line":805,"column":13},"end":{"line":805,"column":20}},"372":{"start":{"line":806,"column":2},"end":{"line":806,"column":26}},"373":{"start":{"line":806,"column":19},"end":{"line":806,"column":26}},"374":{"start":{"line":807,"column":23},"end":{"line":807,"column":51}},"375":{"start":{"line":807,"column":37},"end":{"line":807,"column":40}},"376":{"start":{"line":808,"column":2},"end":{"line":808,"column":89}},"377":{"start":{"line":812,"column":13},"end":{"line":812,"column":20}},"378":{"start":{"line":813,"column":19},"end":{"line":813,"column":100}},"379":{"start":{"line":814,"column":16},"end":{"line":814,"column":80}},"380":{"start":{"line":815,"column":23},"end":{"line":815,"column":122}},"381":{"start":{"line":816,"column":2},"end":{"line":816,"column":43}},"382":{"start":{"line":823,"column":13},"end":{"line":823,"column":20}},"383":{"start":{"line":824,"column":16},"end":{"line":824,"column":54}},"384":{"start":{"line":825,"column":23},"end":{"line":825,"column":61}},"385":{"start":{"line":826,"column":14},"end":{"line":826,"column":43}},"386":{"start":{"line":827,"column":20},"end":{"line":827,"column":42}},"387":{"start":{"line":828,"column":27},"end":{"line":828,"column":43}},"388":{"start":{"line":831,"column":2},"end":{"line":833,"column":3}},"389":{"start":{"line":832,"column":4},"end":{"line":832,"column":71}},"390":{"start":{"line":835,"column":15},"end":{"line":838,"column":4}},"391":{"start":{"line":839,"column":2},"end":{"line":839,"column":71}},"392":{"start":{"line":841,"column":2},"end":{"line":841,"column":44}},"393":{"start":{"line":845,"column":13},"end":{"line":845,"column":20}},"394":{"start":{"line":846,"column":14},"end":{"line":846,"column":75}},"395":{"start":{"line":847,"column":2},"end":{"line":847,"column":24}},"396":{"start":{"line":847,"column":12},"end":{"line":847,"column":24}},"397":{"start":{"line":849,"column":14},"end":{"line":849,"column":43}},"398":{"start":{"line":850,"column":2},"end":{"line":853,"column":3}},"399":{"start":{"line":851,"column":4},"end":{"line":851,"column":64}},"400":{"start":{"line":852,"column":4},"end":{"line":852,"column":16}},"401":{"start":{"line":855,"column":2},"end":{"line":855,"column":13}},"402":{"start":{"line":859,"column":13},"end":{"line":859,"column":20}},"403":{"start":{"line":860,"column":14},"end":{"line":860,"column":90}},"404":{"start":{"line":861,"column":2},"end":{"line":861,"column":70}},"405":{"start":{"line":861,"column":12},"end":{"line":861,"column":70}},"406":{"start":{"line":863,"column":14},"end":{"line":863,"column":43}},"407":{"start":{"line":865,"column":2},"end":{"line":867,"column":3}},"408":{"start":{"line":866,"column":4},"end":{"line":866,"column":62}},"409":{"start":{"line":869,"column":19},"end":{"line":869,"column":57}},"410":{"start":{"line":870,"column":26},"end":{"line":870,"column":64}},"411":{"start":{"line":871,"column":20},"end":{"line":871,"column":35}},"412":{"start":{"line":872,"column":27},"end":{"line":872,"column":43}},"413":{"start":{"line":874,"column":2},"end":{"line":877,"column":79}},"414":{"start":{"line":879,"column":2},"end":{"line":879,"column":86}},"415":{"start":{"line":883,"column":13},"end":{"line":883,"column":20}},"416":{"start":{"line":884,"column":2},"end":{"line":884,"column":62}},"417":{"start":{"line":888,"column":13},"end":{"line":888,"column":20}},"418":{"start":{"line":889,"column":2},"end":{"line":889,"column":41}},"419":{"start":{"line":896,"column":13},"end":{"line":896,"column":20}},"420":{"start":{"line":897,"column":14},"end":{"line":897,"column":43}},"421":{"start":{"line":898,"column":17},"end":{"line":898,"column":79}},"422":{"start":{"line":899,"column":2},"end":{"line":901,"column":3}},"423":{"start":{"line":900,"column":4},"end":{"line":900,"column":68}},"424":{"start":{"line":902,"column":2},"end":{"line":902,"column":24}},"425":{"start":{"line":909,"column":13},"end":{"line":909,"column":20}},"426":{"start":{"line":910,"column":2},"end":{"line":913,"column":37}},"427":{"start":{"line":917,"column":13},"end":{"line":917,"column":20}},"428":{"start":{"line":918,"column":21},"end":{"line":918,"column":23}},"429":{"start":{"line":919,"column":17},"end":{"line":919,"column":19}},"430":{"start":{"line":921,"column":2},"end":{"line":924,"column":3}},"431":{"start":{"line":922,"column":4},"end":{"line":922,"column":34}},"432":{"start":{"line":923,"column":4},"end":{"line":923,"column":32}},"433":{"start":{"line":925,"column":2},"end":{"line":928,"column":3}},"434":{"start":{"line":926,"column":4},"end":{"line":926,"column":33}},"435":{"start":{"line":927,"column":4},"end":{"line":927,"column":40}},"436":{"start":{"line":929,"column":2},"end":{"line":932,"column":3}},"437":{"start":{"line":930,"column":4},"end":{"line":930,"column":38}},"438":{"start":{"line":931,"column":4},"end":{"line":931,"column":31}},"439":{"start":{"line":933,"column":2},"end":{"line":936,"column":3}},"440":{"start":{"line":934,"column":4},"end":{"line":934,"column":38}},"441":{"start":{"line":935,"column":4},"end":{"line":935,"column":31}},"442":{"start":{"line":938,"column":16},"end":{"line":938,"column":80}},"443":{"start":{"line":939,"column":16},"end":{"line":939,"column":99}},"444":{"start":{"line":940,"column":15},"end":{"line":940,"column":132}},"445":{"start":{"line":942,"column":2},"end":{"line":942,"column":40}},"446":{"start":{"line":946,"column":13},"end":{"line":946,"column":20}},"447":{"start":{"line":947,"column":16},"end":{"line":947,"column":81}},"448":{"start":{"line":948,"column":16},"end":{"line":948,"column":63}},"449":{"start":{"line":949,"column":21},"end":{"line":949,"column":112}},"450":{"start":{"line":951,"column":19},"end":{"line":951,"column":122}},"451":{"start":{"line":952,"column":2},"end":{"line":952,"column":41}},"452":{"start":{"line":959,"column":26},"end":{"line":963,"column":1}},"453":{"start":{"line":966,"column":13},"end":{"line":966,"column":20}},"454":{"start":{"line":967,"column":14},"end":{"line":967,"column":43}},"455":{"start":{"line":968,"column":14},"end":{"line":968,"column":75}},"456":{"start":{"line":970,"column":2},"end":{"line":970,"column":92}},"457":{"start":{"line":970,"column":12},"end":{"line":970,"column":92}},"458":{"start":{"line":973,"column":2},"end":{"line":981,"column":3}},"459":{"start":{"line":974,"column":4},"end":{"line":980,"column":6}},"460":{"start":{"line":984,"column":2},"end":{"line":987,"column":3}},"461":{"start":{"line":985,"column":4},"end":{"line":985,"column":120}},"462":{"start":{"line":986,"column":4},"end":{"line":986,"column":84}},"463":{"start":{"line":990,"column":2},"end":{"line":993,"column":3}},"464":{"start":{"line":991,"column":4},"end":{"line":991,"column":99}},"465":{"start":{"line":992,"column":4},"end":{"line":992,"column":84}},"466":{"start":{"line":996,"column":2},"end":{"line":1000,"column":4}},"467":{"start":{"line":1004,"column":13},"end":{"line":1004,"column":20}},"468":{"start":{"line":1005,"column":14},"end":{"line":1005,"column":43}},"469":{"start":{"line":1007,"column":2},"end":{"line":1011,"column":3}},"470":{"start":{"line":1009,"column":4},"end":{"line":1009,"column":64}},"471":{"start":{"line":1010,"column":4},"end":{"line":1010,"column":11}},"472":{"start":{"line":1013,"column":14},"end":{"line":1013,"column":75}},"473":{"start":{"line":1014,"column":2},"end":{"line":1021,"column":3}},"474":{"start":{"line":1015,"column":4},"end":{"line":1015,"column":102}},"475":{"start":{"line":1017,"column":24},"end":{"line":1017,"column":40}},"476":{"start":{"line":1018,"column":24},"end":{"line":1018,"column":116}},"477":{"start":{"line":1019,"column":4},"end":{"line":1020,"column":47}},"478":{"start":{"line":1025,"column":13},"end":{"line":1025,"column":20}},"479":{"start":{"line":1026,"column":21},"end":{"line":1026,"column":23}},"480":{"start":{"line":1027,"column":17},"end":{"line":1027,"column":19}},"481":{"start":{"line":1029,"column":2},"end":{"line":1032,"column":3}},"482":{"start":{"line":1030,"column":4},"end":{"line":1030,"column":34}},"483":{"start":{"line":1031,"column":4},"end":{"line":1031,"column":32}},"484":{"start":{"line":1033,"column":2},"end":{"line":1036,"column":3}},"485":{"start":{"line":1034,"column":4},"end":{"line":1034,"column":33}},"486":{"start":{"line":1035,"column":4},"end":{"line":1035,"column":40}},"487":{"start":{"line":1037,"column":2},"end":{"line":1040,"column":3}},"488":{"start":{"line":1038,"column":4},"end":{"line":1038,"column":38}},"489":{"start":{"line":1039,"column":4},"end":{"line":1039,"column":31}},"490":{"start":{"line":1041,"column":2},"end":{"line":1044,"column":3}},"491":{"start":{"line":1042,"column":4},"end":{"line":1042,"column":38}},"492":{"start":{"line":1043,"column":4},"end":{"line":1043,"column":31}},"493":{"start":{"line":1046,"column":16},"end":{"line":1046,"column":80}},"494":{"start":{"line":1047,"column":15},"end":{"line":1047,"column":100}},"495":{"start":{"line":1049,"column":17},"end":{"line":1049,"column":57}},"496":{"start":{"line":1050,"column":18},"end":{"line":1053,"column":15}},"497":{"start":{"line":1051,"column":15},"end":{"line":1051,"column":57}},"498":{"start":{"line":1052,"column":4},"end":{"line":1052,"column":158}},"499":{"start":{"line":1055,"column":2},"end":{"line":1055,"column":26}},"500":{"start":{"line":1062,"column":13},"end":{"line":1062,"column":20}},"501":{"start":{"line":1064,"column":25},"end":{"line":1064,"column":85}},"502":{"start":{"line":1065,"column":15},"end":{"line":1068,"column":4}},"503":{"start":{"line":1070,"column":25},"end":{"line":1070,"column":58}},"504":{"start":{"line":1071,"column":24},"end":{"line":1073,"column":20}},"505":{"start":{"line":1074,"column":2},"end":{"line":1084,"column":4}},"506":{"start":{"line":1086,"column":2},"end":{"line":1096,"column":4}},"507":{"start":{"line":1100,"column":13},"end":{"line":1100,"column":20}},"508":{"start":{"line":1101,"column":14},"end":{"line":1101,"column":78}},"509":{"start":{"line":1102,"column":2},"end":{"line":1102,"column":24}},"510":{"start":{"line":1102,"column":12},"end":{"line":1102,"column":24}},"511":{"start":{"line":1103,"column":2},"end":{"line":1115,"column":4}},"512":{"start":{"line":1119,"column":13},"end":{"line":1119,"column":20}},"513":{"start":{"line":1120,"column":2},"end":{"line":1120,"column":65}},"514":{"start":{"line":1124,"column":13},"end":{"line":1124,"column":20}},"515":{"start":{"line":1125,"column":2},"end":{"line":1125,"column":100}},"516":{"start":{"line":1129,"column":13},"end":{"line":1129,"column":20}},"517":{"start":{"line":1130,"column":15},"end":{"line":1130,"column":95}},"518":{"start":{"line":1131,"column":2},"end":{"line":1142,"column":6}},"519":{"start":{"line":1131,"column":26},"end":{"line":1142,"column":3}},"520":{"start":{"line":1146,"column":13},"end":{"line":1146,"column":20}},"521":{"start":{"line":1147,"column":14},"end":{"line":1147,"column":43}},"522":{"start":{"line":1148,"column":17},"end":{"line":1148,"column":84}},"523":{"start":{"line":1149,"column":2},"end":{"line":1151,"column":3}},"524":{"start":{"line":1150,"column":4},"end":{"line":1150,"column":73}},"525":{"start":{"line":1152,"column":2},"end":{"line":1152,"column":24}},"526":{"start":{"line":1159,"column":13},"end":{"line":1159,"column":20}},"527":{"start":{"line":1160,"column":17},"end":{"line":1160,"column":67}},"528":{"start":{"line":1162,"column":17},"end":{"line":1162,"column":98}},"529":{"start":{"line":1163,"column":2},"end":{"line":1165,"column":3}},"530":{"start":{"line":1164,"column":4},"end":{"line":1164,"column":74}},"531":{"start":{"line":1166,"column":2},"end":{"line":1166,"column":24}},"532":{"start":{"line":1170,"column":13},"end":{"line":1170,"column":20}},"533":{"start":{"line":1171,"column":20},"end":{"line":1171,"column":73}},"534":{"start":{"line":1172,"column":22},"end":{"line":1172,"column":77}},"535":{"start":{"line":1173,"column":23},"end":{"line":1173,"column":79}},"536":{"start":{"line":1174,"column":24},"end":{"line":1174,"column":97}},"537":{"start":{"line":1175,"column":21},"end":{"line":1175,"column":75}},"538":{"start":{"line":1176,"column":21},"end":{"line":1176,"column":78}},"539":{"start":{"line":1177,"column":25},"end":{"line":1177,"column":84}},"540":{"start":{"line":1178,"column":20},"end":{"line":1178,"column":87}},"541":{"start":{"line":1179,"column":23},"end":{"line":1179,"column":116}},"542":{"start":{"line":1182,"column":15},"end":{"line":1182,"column":16}},"543":{"start":{"line":1183,"column":2},"end":{"line":1187,"column":16}},"544":{"start":{"line":1184,"column":15},"end":{"line":1184,"column":28}},"545":{"start":{"line":1185,"column":18},"end":{"line":1185,"column":38}},"546":{"start":{"line":1186,"column":4},"end":{"line":1186,"column":24}},"547":{"start":{"line":1189,"column":2},"end":{"line":1200,"column":4}},"548":{"start":{"line":1204,"column":13},"end":{"line":1204,"column":20}},"549":{"start":{"line":1205,"column":2},"end":{"line":1205,"column":20}},"550":{"start":{"line":1206,"column":2},"end":{"line":1206,"column":39}},"551":{"start":{"line":1210,"column":13},"end":{"line":1210,"column":20}},"552":{"start":{"line":1211,"column":17},"end":{"line":1211,"column":59}},"553":{"start":{"line":1212,"column":2},"end":{"line":1212,"column":32}},"554":{"start":{"line":1218,"column":26},"end":{"line":1221,"column":1}},"555":{"start":{"line":1224,"column":13},"end":{"line":1224,"column":20}},"556":{"start":{"line":1225,"column":14},"end":{"line":1225,"column":79}},"557":{"start":{"line":1226,"column":2},"end":{"line":1226,"column":32}},"558":{"start":{"line":1230,"column":13},"end":{"line":1230,"column":20}},"559":{"start":{"line":1231,"column":2},"end":{"line":1231,"column":118}},"560":{"start":{"line":1232,"column":2},"end":{"line":1232,"column":24}},"561":{"start":{"line":1236,"column":13},"end":{"line":1236,"column":20}},"562":{"start":{"line":1237,"column":2},"end":{"line":1237,"column":88}},"563":{"start":{"line":1242,"column":13},"end":{"line":1242,"column":14}},"564":{"start":{"line":1243,"column":2},"end":{"line":1245,"column":3}},"565":{"start":{"line":1243,"column":15},"end":{"line":1243,"column":16}},"566":{"start":{"line":1244,"column":4},"end":{"line":1244,"column":52}},"567":{"start":{"line":1246,"column":2},"end":{"line":1246,"column":70}},"568":{"start":{"line":1250,"column":13},"end":{"line":1250,"column":20}},"569":{"start":{"line":1251,"column":2},"end":{"line":1251,"column":62}},"570":{"start":{"line":1256,"column":13},"end":{"line":1256,"column":20}},"571":{"start":{"line":1257,"column":15},"end":{"line":1257,"column":95}},"572":{"start":{"line":1258,"column":17},"end":{"line":1258,"column":26}},"573":{"start":{"line":1259,"column":2},"end":{"line":1262,"column":3}},"574":{"start":{"line":1260,"column":17},"end":{"line":1260,"column":71}},"575":{"start":{"line":1260,"column":46},"end":{"line":1260,"column":54}},"576":{"start":{"line":1261,"column":4},"end":{"line":1261,"column":37}},"577":{"start":{"line":1261,"column":22},"end":{"line":1261,"column":35}},"578":{"start":{"line":1263,"column":2},"end":{"line":1263,"column":35}},"579":{"start":{"line":1270,"column":13},"end":{"line":1270,"column":26}},"580":{"start":{"line":1271,"column":13},"end":{"line":1271,"column":20}},"581":{"start":{"line":1273,"column":2},"end":{"line":1273,"column":55}},"582":{"start":{"line":1273,"column":32},"end":{"line":1273,"column":55}},"583":{"start":{"line":1275,"column":16},"end":{"line":1275,"column":40}},"584":{"start":{"line":1276,"column":17},"end":{"line":1276,"column":18}},"585":{"start":{"line":1278,"column":2},"end":{"line":1292,"column":3}},"586":{"start":{"line":1279,"column":21},"end":{"line":1279,"column":50}},"587":{"start":{"line":1280,"column":17},"end":{"line":1280,"column":38}},"588":{"start":{"line":1282,"column":4},"end":{"line":1291,"column":5}},"589":{"start":{"line":1283,"column":6},"end":{"line":1290,"column":7}},"590":{"start":{"line":1284,"column":24},"end":{"line":1284,"column":57}},"591":{"start":{"line":1285,"column":21},"end":{"line":1285,"column":59}},"592":{"start":{"line":1286,"column":8},"end":{"line":1286,"column":54}},"593":{"start":{"line":1287,"column":8},"end":{"line":1287,"column":19}},"594":{"start":{"line":1294,"column":2},"end":{"line":1294,"column":66}},"595":{"start":{"line":1295,"column":2},"end":{"line":1295,"column":22}},"596":{"start":{"line":1299,"column":19},"end":{"line":1299,"column":177}},"597":{"start":{"line":1300,"column":2},"end":{"line":1300,"column":81}},"598":{"start":{"line":1300,"column":30},"end":{"line":1300,"column":52}},"599":{"start":{"line":1307,"column":13},"end":{"line":1307,"column":20}},"600":{"start":{"line":1308,"column":2},"end":{"line":1309,"column":58}},"601":{"start":{"line":1313,"column":13},"end":{"line":1313,"column":20}},"602":{"start":{"line":1314,"column":2},"end":{"line":1314,"column":85}},"603":{"start":{"line":1318,"column":13},"end":{"line":1318,"column":20}},"604":{"start":{"line":1319,"column":14},"end":{"line":1319,"column":103}},"605":{"start":{"line":1320,"column":2},"end":{"line":1320,"column":24}},"606":{"start":{"line":1320,"column":12},"end":{"line":1320,"column":24}},"607":{"start":{"line":1321,"column":17},"end":{"line":1321,"column":56}},"608":{"start":{"line":1322,"column":2},"end":{"line":1326,"column":3}},"609":{"start":{"line":1323,"column":4},"end":{"line":1323,"column":30}},"610":{"start":{"line":1324,"column":4},"end":{"line":1324,"column":35}},"611":{"start":{"line":1324,"column":28},"end":{"line":1324,"column":33}},"612":{"start":{"line":1325,"column":4},"end":{"line":1325,"column":123}},"613":{"start":{"line":1327,"column":2},"end":{"line":1327,"column":18}},"614":{"start":{"line":1331,"column":13},"end":{"line":1331,"column":20}},"615":{"start":{"line":1332,"column":14},"end":{"line":1332,"column":127}},"616":{"start":{"line":1333,"column":2},"end":{"line":1333,"column":24}},"617":{"start":{"line":1333,"column":12},"end":{"line":1333,"column":24}},"618":{"start":{"line":1334,"column":19},"end":{"line":1334,"column":58}},"619":{"start":{"line":1335,"column":2},"end":{"line":1335,"column":93}},"620":{"start":{"line":1339,"column":13},"end":{"line":1339,"column":20}},"621":{"start":{"line":1340,"column":2},"end":{"line":1340,"column":76}},"622":{"start":{"line":1345,"column":13},"end":{"line":1345,"column":20}},"623":{"start":{"line":1346,"column":14},"end":{"line":1348,"column":17}},"624":{"start":{"line":1349,"column":2},"end":{"line":1349,"column":24}},"625":{"start":{"line":1349,"column":12},"end":{"line":1349,"column":24}},"626":{"start":{"line":1350,"column":19},"end":{"line":1350,"column":58}},"627":{"start":{"line":1351,"column":2},"end":{"line":1351,"column":46}},"628":{"start":{"line":1354,"column":0},"end":{"line":1388,"column":2}}},"fnMap":{"0":{"name":"getDb","decl":{"start":{"line":17,"column":9},"end":{"line":17,"column":14}},"loc":{"start":{"line":17,"column":17},"end":{"line":29,"column":1}},"line":17},"1":{"name":"hashPassword","decl":{"start":{"line":38,"column":9},"end":{"line":38,"column":21}},"loc":{"start":{"line":38,"column":32},"end":{"line":43,"column":1}},"line":38},"2":{"name":"verifyPassword","decl":{"start":{"line":45,"column":9},"end":{"line":45,"column":23}},"loc":{"start":{"line":45,"column":42},"end":{"line":52,"column":1}},"line":45},"3":{"name":"initDatabase","decl":{"start":{"line":57,"column":9},"end":{"line":57,"column":21}},"loc":{"start":{"line":57,"column":24},"end":{"line":98,"column":1}},"line":57},"4":{"name":"initSchemaV1","decl":{"start":{"line":100,"column":9},"end":{"line":100,"column":21}},"loc":{"start":{"line":100,"column":26},"end":{"line":219,"column":1}},"line":100},"5":{"name":"initSchemaV2","decl":{"start":{"line":221,"column":9},"end":{"line":221,"column":21}},"loc":{"start":{"line":221,"column":26},"end":{"line":261,"column":1}},"line":221},"6":{"name":"initSchemaV3","decl":{"start":{"line":263,"column":9},"end":{"line":263,"column":21}},"loc":{"start":{"line":263,"column":26},"end":{"line":287,"column":1}},"line":263},"7":{"name":"initSchemaV4","decl":{"start":{"line":289,"column":9},"end":{"line":289,"column":21}},"loc":{"start":{"line":289,"column":26},"end":{"line":308,"column":1}},"line":289},"8":{"name":"runMigrations","decl":{"start":{"line":310,"column":9},"end":{"line":310,"column":22}},"loc":{"start":{"line":310,"column":40},"end":{"line":322,"column":1}},"line":310},"9":{"name":"addFile","decl":{"start":{"line":329,"column":9},"end":{"line":329,"column":16}},"loc":{"start":{"line":329,"column":83},"end":{"line":355,"column":1}},"line":329},"10":{"name":"getFileByName","decl":{"start":{"line":357,"column":9},"end":{"line":357,"column":22}},"loc":{"start":{"line":357,"column":33},"end":{"line":361,"column":1}},"line":357},"11":{"name":"getFile","decl":{"start":{"line":363,"column":9},"end":{"line":363,"column":16}},"loc":{"start":{"line":363,"column":21},"end":{"line":366,"column":1}},"line":363},"12":{"name":"listFiles","decl":{"start":{"line":368,"column":9},"end":{"line":368,"column":18}},"loc":{"start":{"line":368,"column":96},"end":{"line":383,"column":1}},"line":368},"13":{"name":"updateFileByName","decl":{"start":{"line":385,"column":9},"end":{"line":385,"column":25}},"loc":{"start":{"line":385,"column":45},"end":{"line":414,"column":1}},"line":385},"14":{"name":"updateFile","decl":{"start":{"line":416,"column":9},"end":{"line":416,"column":19}},"loc":{"start":{"line":416,"column":33},"end":{"line":448,"column":1}},"line":416},"15":{"name":"deleteFileByName","decl":{"start":{"line":450,"column":9},"end":{"line":450,"column":25}},"loc":{"start":{"line":450,"column":36},"end":{"line":458,"column":1}},"line":450},"16":{"name":"renameFile","decl":{"start":{"line":460,"column":9},"end":{"line":460,"column":19}},"loc":{"start":{"line":460,"column":46},"end":{"line":480,"column":1}},"line":460},"17":{"name":"deleteFilesByPrefix","decl":{"start":{"line":483,"column":9},"end":{"line":483,"column":28}},"loc":{"start":{"line":483,"column":37},"end":{"line":488,"column":1}},"line":483},"18":{"name":"renameFilesByPrefix","decl":{"start":{"line":491,"column":9},"end":{"line":491,"column":28}},"loc":{"start":{"line":491,"column":51},"end":{"line":504,"column":1}},"line":491},"19":{"name":"copyFile","decl":{"start":{"line":507,"column":9},"end":{"line":507,"column":17}},"loc":{"start":{"line":507,"column":47},"end":{"line":541,"column":1}},"line":507},"20":{"name":"copyFilesByPrefix","decl":{"start":{"line":544,"column":9},"end":{"line":544,"column":26}},"loc":{"start":{"line":544,"column":53},"end":{"line":557,"column":1}},"line":544},"21":{"name":"deleteFile","decl":{"start":{"line":559,"column":9},"end":{"line":559,"column":19}},"loc":{"start":{"line":559,"column":24},"end":{"line":567,"column":1}},"line":559},"22":{"name":"deleteOldFiles","decl":{"start":{"line":569,"column":9},"end":{"line":569,"column":23}},"loc":{"start":{"line":569,"column":30},"end":{"line":580,"column":1}},"line":569},"23":{"name":"deleteAllFiles","decl":{"start":{"line":582,"column":9},"end":{"line":582,"column":23}},"loc":{"start":{"line":582,"column":26},"end":{"line":590,"column":1}},"line":582},"24":{"name":"tokenizeQuery","decl":{"start":{"line":596,"column":9},"end":{"line":596,"column":22}},"loc":{"start":{"line":596,"column":30},"end":{"line":606,"column":1}},"line":596},"25":{"name":"(anonymous_25)","decl":{"start":{"line":604,"column":29},"end":{"line":604,"column":30}},"loc":{"start":{"line":604,"column":34},"end":{"line":604,"column":49}},"line":604},"26":{"name":"(anonymous_26)","decl":{"start":{"line":605,"column":23},"end":{"line":605,"column":24}},"loc":{"start":{"line":605,"column":28},"end":{"line":605,"column":40}},"line":605},"27":{"name":"searchFiles","decl":{"start":{"line":612,"column":9},"end":{"line":612,"column":20}},"loc":{"start":{"line":612,"column":52},"end":{"line":704,"column":1}},"line":612},"28":{"name":"(anonymous_28)","decl":{"start":{"line":624,"column":40},"end":{"line":624,"column":41}},"loc":{"start":{"line":624,"column":45},"end":{"line":624,"column":67}},"line":624},"29":{"name":"(anonymous_29)","decl":{"start":{"line":625,"column":38},"end":{"line":625,"column":39}},"loc":{"start":{"line":625,"column":44},"end":{"line":625,"column":64}},"line":625},"30":{"name":"(anonymous_30)","decl":{"start":{"line":626,"column":34},"end":{"line":626,"column":35}},"loc":{"start":{"line":626,"column":39},"end":{"line":626,"column":47}},"line":626},"31":{"name":"(anonymous_31)","decl":{"start":{"line":636,"column":43},"end":{"line":636,"column":44}},"loc":{"start":{"line":636,"column":52},"end":{"line":639,"column":5}},"line":636},"32":{"name":"(anonymous_32)","decl":{"start":{"line":640,"column":39},"end":{"line":640,"column":40}},"loc":{"start":{"line":640,"column":48},"end":{"line":640,"column":76}},"line":640},"33":{"name":"(anonymous_33)","decl":{"start":{"line":655,"column":36},"end":{"line":655,"column":37}},"loc":{"start":{"line":655,"column":41},"end":{"line":695,"column":3}},"line":655},"34":{"name":"(anonymous_34)","decl":{"start":{"line":685,"column":42},"end":{"line":685,"column":43}},"loc":{"start":{"line":685,"column":47},"end":{"line":685,"column":69}},"line":685},"35":{"name":"(anonymous_35)","decl":{"start":{"line":686,"column":39},"end":{"line":686,"column":40}},"loc":{"start":{"line":686,"column":44},"end":{"line":686,"column":64}},"line":686},"36":{"name":"(anonymous_36)","decl":{"start":{"line":698,"column":14},"end":{"line":698,"column":15}},"loc":{"start":{"line":698,"column":24},"end":{"line":701,"column":3}},"line":698},"37":{"name":"getFilesByHashSince","decl":{"start":{"line":706,"column":9},"end":{"line":706,"column":28}},"loc":{"start":{"line":706,"column":46},"end":{"line":713,"column":1}},"line":706},"38":{"name":"getFileCount","decl":{"start":{"line":715,"column":9},"end":{"line":715,"column":21}},"loc":{"start":{"line":715,"column":24},"end":{"line":718,"column":1}},"line":715},"39":{"name":"getTotalStorageSize","decl":{"start":{"line":720,"column":9},"end":{"line":720,"column":28}},"loc":{"start":{"line":720,"column":31},"end":{"line":724,"column":1}},"line":720},"40":{"name":"registerDevice","decl":{"start":{"line":729,"column":9},"end":{"line":729,"column":23}},"loc":{"start":{"line":729,"column":64},"end":{"line":743,"column":1}},"line":729},"41":{"name":"getDevice","decl":{"start":{"line":745,"column":9},"end":{"line":745,"column":18}},"loc":{"start":{"line":745,"column":29},"end":{"line":748,"column":1}},"line":745},"42":{"name":"listDevices","decl":{"start":{"line":750,"column":9},"end":{"line":750,"column":20}},"loc":{"start":{"line":750,"column":23},"end":{"line":753,"column":1}},"line":750},"43":{"name":"setDeviceOffline","decl":{"start":{"line":755,"column":9},"end":{"line":755,"column":25}},"loc":{"start":{"line":755,"column":36},"end":{"line":758,"column":1}},"line":755},"44":{"name":"setDeviceOnline","decl":{"start":{"line":760,"column":9},"end":{"line":760,"column":24}},"loc":{"start":{"line":760,"column":35},"end":{"line":763,"column":1}},"line":760},"45":{"name":"touchDevice","decl":{"start":{"line":765,"column":9},"end":{"line":765,"column":20}},"loc":{"start":{"line":765,"column":31},"end":{"line":768,"column":1}},"line":765},"46":{"name":"getOnlineDevices","decl":{"start":{"line":770,"column":9},"end":{"line":770,"column":25}},"loc":{"start":{"line":770,"column":28},"end":{"line":773,"column":1}},"line":770},"47":{"name":"cleanupStaleDevices","decl":{"start":{"line":775,"column":9},"end":{"line":775,"column":28}},"loc":{"start":{"line":775,"column":49},"end":{"line":779,"column":1}},"line":775},"48":{"name":"addSyncLog","decl":{"start":{"line":784,"column":9},"end":{"line":784,"column":19}},"loc":{"start":{"line":784,"column":84},"end":{"line":791,"column":1}},"line":784},"49":{"name":"getUnsyncedLogs","decl":{"start":{"line":793,"column":9},"end":{"line":793,"column":24}},"loc":{"start":{"line":793,"column":36},"end":{"line":802,"column":1}},"line":793},"50":{"name":"markLogsSynced","decl":{"start":{"line":804,"column":9},"end":{"line":804,"column":23}},"loc":{"start":{"line":804,"column":29},"end":{"line":809,"column":1}},"line":804},"51":{"name":"(anonymous_51)","decl":{"start":{"line":807,"column":31},"end":{"line":807,"column":32}},"loc":{"start":{"line":807,"column":37},"end":{"line":807,"column":40}},"line":807},"52":{"name":"getSyncStatus","decl":{"start":{"line":811,"column":9},"end":{"line":811,"column":22}},"loc":{"start":{"line":811,"column":25},"end":{"line":817,"column":1}},"line":811},"53":{"name":"generateToken","decl":{"start":{"line":822,"column":9},"end":{"line":822,"column":22}},"loc":{"start":{"line":822,"column":66},"end":{"line":842,"column":1}},"line":822},"54":{"name":"validateToken","decl":{"start":{"line":844,"column":9},"end":{"line":844,"column":22}},"loc":{"start":{"line":844,"column":30},"end":{"line":856,"column":1}},"line":844},"55":{"name":"refreshToken","decl":{"start":{"line":858,"column":9},"end":{"line":858,"column":21}},"loc":{"start":{"line":858,"column":36},"end":{"line":880,"column":1}},"line":858},"56":{"name":"revokeToken","decl":{"start":{"line":882,"column":9},"end":{"line":882,"column":20}},"loc":{"start":{"line":882,"column":28},"end":{"line":885,"column":1}},"line":882},"57":{"name":"revokeAllTokens","decl":{"start":{"line":887,"column":9},"end":{"line":887,"column":24}},"loc":{"start":{"line":887,"column":27},"end":{"line":890,"column":1}},"line":887},"58":{"name":"cleanupExpiredTokens","decl":{"start":{"line":895,"column":9},"end":{"line":895,"column":29}},"loc":{"start":{"line":895,"column":32},"end":{"line":903,"column":1}},"line":895},"59":{"name":"addAuditLog","decl":{"start":{"line":908,"column":9},"end":{"line":908,"column":20}},"loc":{"start":{"line":908,"column":70},"end":{"line":914,"column":1}},"line":908},"60":{"name":"listAuditLogs","decl":{"start":{"line":916,"column":9},"end":{"line":916,"column":22}},"loc":{"start":{"line":916,"column":62},"end":{"line":943,"column":1}},"line":916},"61":{"name":"getAuditStats","decl":{"start":{"line":945,"column":9},"end":{"line":945,"column":22}},"loc":{"start":{"line":945,"column":25},"end":{"line":953,"column":1}},"line":945},"62":{"name":"checkRateLimit","decl":{"start":{"line":965,"column":9},"end":{"line":965,"column":23}},"loc":{"start":{"line":965,"column":29},"end":{"line":1001,"column":1}},"line":965},"63":{"name":"recordRateLimitAttempt","decl":{"start":{"line":1003,"column":9},"end":{"line":1003,"column":31}},"loc":{"start":{"line":1003,"column":54},"end":{"line":1022,"column":1}},"line":1003},"64":{"name":"exportAuditLogsCSV","decl":{"start":{"line":1024,"column":9},"end":{"line":1024,"column":27}},"loc":{"start":{"line":1024,"column":42},"end":{"line":1056,"column":1}},"line":1024},"65":{"name":"(anonymous_65)","decl":{"start":{"line":1050,"column":27},"end":{"line":1050,"column":28}},"loc":{"start":{"line":1050,"column":32},"end":{"line":1053,"column":3}},"line":1050},"66":{"name":"saveShareLink","decl":{"start":{"line":1061,"column":9},"end":{"line":1061,"column":22}},"loc":{"start":{"line":1061,"column":34},"end":{"line":1097,"column":1}},"line":1061},"67":{"name":"getShareLink","decl":{"start":{"line":1099,"column":9},"end":{"line":1099,"column":21}},"loc":{"start":{"line":1099,"column":28},"end":{"line":1116,"column":1}},"line":1099},"68":{"name":"deleteShareLink","decl":{"start":{"line":1118,"column":9},"end":{"line":1118,"column":24}},"loc":{"start":{"line":1118,"column":31},"end":{"line":1121,"column":1}},"line":1118},"69":{"name":"incrementShareLinkDownload","decl":{"start":{"line":1123,"column":9},"end":{"line":1123,"column":35}},"loc":{"start":{"line":1123,"column":42},"end":{"line":1126,"column":1}},"line":1123},"70":{"name":"listShareLinks","decl":{"start":{"line":1128,"column":9},"end":{"line":1128,"column":23}},"loc":{"start":{"line":1128,"column":26},"end":{"line":1143,"column":1}},"line":1128},"71":{"name":"(anonymous_71)","decl":{"start":{"line":1131,"column":18},"end":{"line":1131,"column":19}},"loc":{"start":{"line":1131,"column":26},"end":{"line":1142,"column":3}},"line":1131},"72":{"name":"cleanupExpiredShareLinks","decl":{"start":{"line":1145,"column":9},"end":{"line":1145,"column":33}},"loc":{"start":{"line":1145,"column":36},"end":{"line":1153,"column":1}},"line":1145},"73":{"name":"cleanupSyncLog","decl":{"start":{"line":1158,"column":9},"end":{"line":1158,"column":23}},"loc":{"start":{"line":1158,"column":40},"end":{"line":1167,"column":1}},"line":1158},"74":{"name":"getDbStats","decl":{"start":{"line":1169,"column":9},"end":{"line":1169,"column":19}},"loc":{"start":{"line":1169,"column":22},"end":{"line":1201,"column":1}},"line":1169},"75":{"name":"runVacuum","decl":{"start":{"line":1203,"column":9},"end":{"line":1203,"column":18}},"loc":{"start":{"line":1203,"column":21},"end":{"line":1207,"column":1}},"line":1203},"76":{"name":"checkDbIntegrity","decl":{"start":{"line":1209,"column":9},"end":{"line":1209,"column":25}},"loc":{"start":{"line":1209,"column":28},"end":{"line":1213,"column":1}},"line":1209},"77":{"name":"getTagColor","decl":{"start":{"line":1223,"column":9},"end":{"line":1223,"column":20}},"loc":{"start":{"line":1223,"column":26},"end":{"line":1227,"column":1}},"line":1223},"78":{"name":"setTagColor","decl":{"start":{"line":1229,"column":9},"end":{"line":1229,"column":20}},"loc":{"start":{"line":1229,"column":33},"end":{"line":1233,"column":1}},"line":1229},"79":{"name":"getAllTagColors","decl":{"start":{"line":1235,"column":9},"end":{"line":1235,"column":24}},"loc":{"start":{"line":1235,"column":27},"end":{"line":1238,"column":1}},"line":1235},"80":{"name":"getSuggestedColor","decl":{"start":{"line":1240,"column":9},"end":{"line":1240,"column":26}},"loc":{"start":{"line":1240,"column":32},"end":{"line":1247,"column":1}},"line":1240},"81":{"name":"deleteTagColor","decl":{"start":{"line":1249,"column":9},"end":{"line":1249,"column":23}},"loc":{"start":{"line":1249,"column":29},"end":{"line":1252,"column":1}},"line":1249},"82":{"name":"getAllTags","decl":{"start":{"line":1255,"column":9},"end":{"line":1255,"column":19}},"loc":{"start":{"line":1255,"column":22},"end":{"line":1264,"column":1}},"line":1255},"83":{"name":"(anonymous_83)","decl":{"start":{"line":1260,"column":41},"end":{"line":1260,"column":42}},"loc":{"start":{"line":1260,"column":46},"end":{"line":1260,"column":54}},"line":1260},"84":{"name":"(anonymous_84)","decl":{"start":{"line":1261,"column":17},"end":{"line":1261,"column":18}},"loc":{"start":{"line":1261,"column":22},"end":{"line":1261,"column":35}},"line":1261},"85":{"name":"migrateFromFileSystem","decl":{"start":{"line":1269,"column":9},"end":{"line":1269,"column":30}},"loc":{"start":{"line":1269,"column":41},"end":{"line":1296,"column":1}},"line":1269},"86":{"name":"isTextFile","decl":{"start":{"line":1298,"column":9},"end":{"line":1298,"column":19}},"loc":{"start":{"line":1298,"column":30},"end":{"line":1301,"column":1}},"line":1298},"87":{"name":"(anonymous_87)","decl":{"start":{"line":1300,"column":23},"end":{"line":1300,"column":24}},"loc":{"start":{"line":1300,"column":30},"end":{"line":1300,"column":52}},"line":1300},"88":{"name":"initChunkUpload","decl":{"start":{"line":1306,"column":9},"end":{"line":1306,"column":24}},"loc":{"start":{"line":1306,"column":85},"end":{"line":1310,"column":1}},"line":1306},"89":{"name":"getChunkUpload","decl":{"start":{"line":1312,"column":9},"end":{"line":1312,"column":23}},"loc":{"start":{"line":1312,"column":34},"end":{"line":1315,"column":1}},"line":1312},"90":{"name":"addChunkReceived","decl":{"start":{"line":1317,"column":9},"end":{"line":1317,"column":25}},"loc":{"start":{"line":1317,"column":48},"end":{"line":1328,"column":1}},"line":1317},"91":{"name":"(anonymous_91)","decl":{"start":{"line":1324,"column":18},"end":{"line":1324,"column":19}},"loc":{"start":{"line":1324,"column":28},"end":{"line":1324,"column":33}},"line":1324},"92":{"name":"getChunkUploadStatus","decl":{"start":{"line":1330,"column":9},"end":{"line":1330,"column":29}},"loc":{"start":{"line":1330,"column":40},"end":{"line":1336,"column":1}},"line":1330},"93":{"name":"deleteChunkUpload","decl":{"start":{"line":1338,"column":9},"end":{"line":1338,"column":26}},"loc":{"start":{"line":1338,"column":37},"end":{"line":1341,"column":1}},"line":1338},"94":{"name":"getIncompleteUpload","decl":{"start":{"line":1344,"column":9},"end":{"line":1344,"column":28}},"loc":{"start":{"line":1344,"column":39},"end":{"line":1352,"column":1}},"line":1344}},"branchMap":{"0":{"loc":{"start":{"line":12,"column":16},"end":{"line":12,"column":105}},"type":"binary-expr","locations":[{"start":{"line":12,"column":16},"end":{"line":12,"column":46}},{"start":{"line":12,"column":50},"end":{"line":12,"column":105}}],"line":12},"1":{"loc":{"start":{"line":18,"column":2},"end":{"line":27,"column":3}},"type":"if","locations":[{"start":{"line":18,"column":2},"end":{"line":27,"column":3}},{"start":{},"end":{}}],"line":18},"2":{"loc":{"start":{"line":21,"column":4},"end":{"line":23,"column":5}},"type":"if","locations":[{"start":{"line":21,"column":4},"end":{"line":23,"column":5}},{"start":{},"end":{}}],"line":21},"3":{"loc":{"start":{"line":39,"column":2},"end":{"line":39,"column":29}},"type":"if","locations":[{"start":{"line":39,"column":2},"end":{"line":39,"column":29}},{"start":{},"end":{}}],"line":39},"4":{"loc":{"start":{"line":46,"column":2},"end":{"line":46,"column":41}},"type":"if","locations":[{"start":{"line":46,"column":2},"end":{"line":46,"column":41}},{"start":{},"end":{}}],"line":46},"5":{"loc":{"start":{"line":46,"column":6},"end":{"line":46,"column":26}},"type":"binary-expr","locations":[{"start":{"line":46,"column":6},"end":{"line":46,"column":15}},{"start":{"line":46,"column":19},"end":{"line":46,"column":26}}],"line":46},"6":{"loc":{"start":{"line":48,"column":2},"end":{"line":48,"column":56}},"type":"if","locations":[{"start":{"line":48,"column":2},"end":{"line":48,"column":56}},{"start":{},"end":{}}],"line":48},"7":{"loc":{"start":{"line":71,"column":2},"end":{"line":77,"column":3}},"type":"if","locations":[{"start":{"line":71,"column":2},"end":{"line":77,"column":3}},{"start":{},"end":{}}],"line":71},"8":{"loc":{"start":{"line":81,"column":23},"end":{"line":81,"column":56}},"type":"cond-expr","locations":[{"start":{"line":81,"column":29},"end":{"line":81,"column":52}},{"start":{"line":81,"column":55},"end":{"line":81,"column":56}}],"line":81},"9":{"loc":{"start":{"line":86,"column":2},"end":{"line":94,"column":3}},"type":"if","locations":[{"start":{"line":86,"column":2},"end":{"line":94,"column":3}},{"start":{"line":90,"column":9},"end":{"line":94,"column":3}}],"line":86},"10":{"loc":{"start":{"line":90,"column":9},"end":{"line":94,"column":3}},"type":"if","locations":[{"start":{"line":90,"column":9},"end":{"line":94,"column":3}},{"start":{},"end":{}}],"line":90},"11":{"loc":{"start":{"line":227,"column":4},"end":{"line":227,"column":57}},"type":"if","locations":[{"start":{"line":227,"column":4},"end":{"line":227,"column":57}},{"start":{},"end":{}}],"line":227},"12":{"loc":{"start":{"line":235,"column":4},"end":{"line":235,"column":57}},"type":"if","locations":[{"start":{"line":235,"column":4},"end":{"line":235,"column":57}},{"start":{},"end":{}}],"line":235},"13":{"loc":{"start":{"line":243,"column":4},"end":{"line":243,"column":57}},"type":"if","locations":[{"start":{"line":243,"column":4},"end":{"line":243,"column":57}},{"start":{},"end":{}}],"line":243},"14":{"loc":{"start":{"line":251,"column":4},"end":{"line":251,"column":57}},"type":"if","locations":[{"start":{"line":251,"column":4},"end":{"line":251,"column":57}},{"start":{},"end":{}}],"line":251},"15":{"loc":{"start":{"line":259,"column":4},"end":{"line":259,"column":57}},"type":"if","locations":[{"start":{"line":259,"column":4},"end":{"line":259,"column":57}},{"start":{},"end":{}}],"line":259},"16":{"loc":{"start":{"line":277,"column":4},"end":{"line":277,"column":56}},"type":"if","locations":[{"start":{"line":277,"column":4},"end":{"line":277,"column":56}},{"start":{},"end":{}}],"line":277},"17":{"loc":{"start":{"line":285,"column":4},"end":{"line":285,"column":56}},"type":"if","locations":[{"start":{"line":285,"column":4},"end":{"line":285,"column":56}},{"start":{},"end":{}}],"line":285},"18":{"loc":{"start":{"line":306,"column":4},"end":{"line":306,"column":56}},"type":"if","locations":[{"start":{"line":306,"column":4},"end":{"line":306,"column":56}},{"start":{},"end":{}}],"line":306},"19":{"loc":{"start":{"line":313,"column":4},"end":{"line":319,"column":5}},"type":"if","locations":[{"start":{"line":313,"column":4},"end":{"line":319,"column":5}},{"start":{"line":315,"column":11},"end":{"line":319,"column":5}}],"line":313},"20":{"loc":{"start":{"line":315,"column":11},"end":{"line":319,"column":5}},"type":"if","locations":[{"start":{"line":315,"column":11},"end":{"line":319,"column":5}},{"start":{"line":317,"column":11},"end":{"line":319,"column":5}}],"line":315},"21":{"loc":{"start":{"line":317,"column":11},"end":{"line":319,"column":5}},"type":"if","locations":[{"start":{"line":317,"column":11},"end":{"line":319,"column":5}},{"start":{},"end":{}}],"line":317},"22":{"loc":{"start":{"line":329,"column":36},"end":{"line":329,"column":49}},"type":"default-arg","locations":[{"start":{"line":329,"column":43},"end":{"line":329,"column":49}}],"line":329},"23":{"loc":{"start":{"line":329,"column":51},"end":{"line":329,"column":62}},"type":"default-arg","locations":[{"start":{"line":329,"column":58},"end":{"line":329,"column":62}}],"line":329},"24":{"loc":{"start":{"line":329,"column":64},"end":{"line":329,"column":81}},"type":"default-arg","locations":[{"start":{"line":329,"column":76},"end":{"line":329,"column":81}}],"line":329},"25":{"loc":{"start":{"line":331,"column":15},"end":{"line":331,"column":63}},"type":"cond-expr","locations":[{"start":{"line":331,"column":25},"end":{"line":331,"column":59}},{"start":{"line":331,"column":62},"end":{"line":331,"column":63}}],"line":331},"26":{"loc":{"start":{"line":332,"column":2},"end":{"line":334,"column":3}},"type":"if","locations":[{"start":{"line":332,"column":2},"end":{"line":334,"column":3}},{"start":{},"end":{}}],"line":332},"27":{"loc":{"start":{"line":333,"column":11},"end":{"line":333,"column":82}},"type":"cond-expr","locations":[{"start":{"line":333,"column":21},"end":{"line":333,"column":75}},{"start":{"line":333,"column":78},"end":{"line":333,"column":82}}],"line":333},"28":{"loc":{"start":{"line":336,"column":24},"end":{"line":336,"column":83}},"type":"cond-expr","locations":[{"start":{"line":336,"column":42},"end":{"line":336,"column":54}},{"start":{"line":336,"column":57},"end":{"line":336,"column":83}}],"line":336},"29":{"loc":{"start":{"line":341,"column":38},"end":{"line":341,"column":53}},"type":"binary-expr","locations":[{"start":{"line":341,"column":38},"end":{"line":341,"column":45}},{"start":{"line":341,"column":49},"end":{"line":341,"column":53}}],"line":341},"30":{"loc":{"start":{"line":341,"column":73},"end":{"line":341,"column":90}},"type":"cond-expr","locations":[{"start":{"line":341,"column":85},"end":{"line":341,"column":86}},{"start":{"line":341,"column":89},"end":{"line":341,"column":90}}],"line":341},"31":{"loc":{"start":{"line":349,"column":4},"end":{"line":352,"column":5}},"type":"if","locations":[{"start":{"line":349,"column":4},"end":{"line":352,"column":5}},{"start":{},"end":{}}],"line":349},"32":{"loc":{"start":{"line":368,"column":19},"end":{"line":368,"column":30}},"type":"default-arg","locations":[{"start":{"line":368,"column":27},"end":{"line":368,"column":30}}],"line":368},"33":{"loc":{"start":{"line":368,"column":32},"end":{"line":368,"column":42}},"type":"default-arg","locations":[{"start":{"line":368,"column":41},"end":{"line":368,"column":42}}],"line":368},"34":{"loc":{"start":{"line":368,"column":44},"end":{"line":368,"column":63}},"type":"default-arg","locations":[{"start":{"line":368,"column":51},"end":{"line":368,"column":63}}],"line":368},"35":{"loc":{"start":{"line":368,"column":65},"end":{"line":368,"column":79}},"type":"default-arg","locations":[{"start":{"line":368,"column":73},"end":{"line":368,"column":79}}],"line":368},"36":{"loc":{"start":{"line":368,"column":81},"end":{"line":368,"column":94}},"type":"default-arg","locations":[{"start":{"line":368,"column":90},"end":{"line":368,"column":94}}],"line":368},"37":{"loc":{"start":{"line":370,"column":20},"end":{"line":370,"column":66}},"type":"cond-expr","locations":[{"start":{"line":370,"column":52},"end":{"line":370,"column":57}},{"start":{"line":370,"column":60},"end":{"line":370,"column":66}}],"line":370},"38":{"loc":{"start":{"line":371,"column":19},"end":{"line":371,"column":104}},"type":"cond-expr","locations":[{"start":{"line":371,"column":85},"end":{"line":371,"column":89}},{"start":{"line":371,"column":92},"end":{"line":371,"column":104}}],"line":371},"39":{"loc":{"start":{"line":374,"column":6},"end":{"line":374,"column":52}},"type":"cond-expr","locations":[{"start":{"line":374,"column":15},"end":{"line":374,"column":47}},{"start":{"line":374,"column":50},"end":{"line":374,"column":52}}],"line":374},"40":{"loc":{"start":{"line":377,"column":13},"end":{"line":377,"column":48}},"type":"cond-expr","locations":[{"start":{"line":377,"column":22},"end":{"line":377,"column":43}},{"start":{"line":377,"column":46},"end":{"line":377,"column":48}}],"line":377},"41":{"loc":{"start":{"line":380,"column":43},"end":{"line":380,"column":89}},"type":"cond-expr","locations":[{"start":{"line":380,"column":52},"end":{"line":380,"column":84}},{"start":{"line":380,"column":87},"end":{"line":380,"column":89}}],"line":380},"42":{"loc":{"start":{"line":381,"column":12},"end":{"line":381,"column":47}},"type":"cond-expr","locations":[{"start":{"line":381,"column":21},"end":{"line":381,"column":42}},{"start":{"line":381,"column":45},"end":{"line":381,"column":47}}],"line":381},"43":{"loc":{"start":{"line":388,"column":2},"end":{"line":388,"column":29}},"type":"if","locations":[{"start":{"line":388,"column":2},"end":{"line":388,"column":29}},{"start":{},"end":{}}],"line":388},"44":{"loc":{"start":{"line":393,"column":2},"end":{"line":400,"column":3}},"type":"if","locations":[{"start":{"line":393,"column":2},"end":{"line":400,"column":3}},{"start":{},"end":{}}],"line":393},"45":{"loc":{"start":{"line":401,"column":2},"end":{"line":401,"column":89}},"type":"if","locations":[{"start":{"line":401,"column":2},"end":{"line":401,"column":89}},{"start":{},"end":{}}],"line":401},"46":{"loc":{"start":{"line":402,"column":2},"end":{"line":402,"column":89}},"type":"if","locations":[{"start":{"line":402,"column":2},"end":{"line":402,"column":89}},{"start":{},"end":{}}],"line":402},"47":{"loc":{"start":{"line":403,"column":2},"end":{"line":403,"column":112}},"type":"if","locations":[{"start":{"line":403,"column":2},"end":{"line":403,"column":112}},{"start":{},"end":{}}],"line":403},"48":{"loc":{"start":{"line":403,"column":83},"end":{"line":403,"column":108}},"type":"cond-expr","locations":[{"start":{"line":403,"column":103},"end":{"line":403,"column":104}},{"start":{"line":403,"column":107},"end":{"line":403,"column":108}}],"line":403},"49":{"loc":{"start":{"line":419,"column":2},"end":{"line":419,"column":29}},"type":"if","locations":[{"start":{"line":419,"column":2},"end":{"line":419,"column":29}},{"start":{},"end":{}}],"line":419},"50":{"loc":{"start":{"line":424,"column":2},"end":{"line":431,"column":3}},"type":"if","locations":[{"start":{"line":424,"column":2},"end":{"line":431,"column":3}},{"start":{},"end":{}}],"line":424},"51":{"loc":{"start":{"line":432,"column":2},"end":{"line":432,"column":89}},"type":"if","locations":[{"start":{"line":432,"column":2},"end":{"line":432,"column":89}},{"start":{},"end":{}}],"line":432},"52":{"loc":{"start":{"line":433,"column":2},"end":{"line":433,"column":89}},"type":"if","locations":[{"start":{"line":433,"column":2},"end":{"line":433,"column":89}},{"start":{},"end":{}}],"line":433},"53":{"loc":{"start":{"line":434,"column":2},"end":{"line":434,"column":101}},"type":"if","locations":[{"start":{"line":434,"column":2},"end":{"line":434,"column":101}},{"start":{},"end":{}}],"line":434},"54":{"loc":{"start":{"line":435,"column":2},"end":{"line":435,"column":112}},"type":"if","locations":[{"start":{"line":435,"column":2},"end":{"line":435,"column":112}},{"start":{},"end":{}}],"line":435},"55":{"loc":{"start":{"line":435,"column":83},"end":{"line":435,"column":108}},"type":"cond-expr","locations":[{"start":{"line":435,"column":103},"end":{"line":435,"column":104}},{"start":{"line":435,"column":107},"end":{"line":435,"column":108}}],"line":435},"56":{"loc":{"start":{"line":444,"column":2},"end":{"line":446,"column":3}},"type":"if","locations":[{"start":{"line":444,"column":2},"end":{"line":446,"column":3}},{"start":{},"end":{}}],"line":444},"57":{"loc":{"start":{"line":453,"column":2},"end":{"line":453,"column":30}},"type":"if","locations":[{"start":{"line":453,"column":2},"end":{"line":453,"column":30}},{"start":{},"end":{}}],"line":453},"58":{"loc":{"start":{"line":463,"column":2},"end":{"line":463,"column":59}},"type":"if","locations":[{"start":{"line":463,"column":2},"end":{"line":463,"column":59}},{
[...]
d":{"line":928,"column":3}},{"start":{},"end":{}}],"line":925},"127":{"loc":{"start":{"line":929,"column":2},"end":{"line":932,"column":3}},"type":"if","locations":[{"start":{"line":929,"column":2},"end":{"line":932,"column":3}},{"start":{},"end":{}}],"line":929},"128":{"loc":{"start":{"line":933,"column":2},"end":{"line":936,"column":3}},"type":"if","locations":[{"start":{"line":933,"column":2},"end":{"line":936,"column":3}},{"start":{},"end":{}}],"line":933},"129":{"loc":{"start":{"line":938,"column":16},"end":{"line":938,"column":80}},"type":"cond-expr","locations":[{"start":{"line":938,"column":40},"end":{"line":938,"column":75}},{"start":{"line":938,"column":78},"end":{"line":938,"column":80}}],"line":938},"130":{"loc":{"start":{"line":970,"column":2},"end":{"line":970,"column":92}},"type":"if","locations":[{"start":{"line":970,"column":2},"end":{"line":970,"column":92}},{"start":{},"end":{}}],"line":970},"131":{"loc":{"start":{"line":973,"column":2},"end":{"line":981,"column":3}},"type":"if","locations":[{"start":{"line":973,"column":2},"end":{"line":981,"column":3}},{"start":{},"end":{}}],"line":973},"132":{"loc":{"start":{"line":973,"column":6},"end":{"line":973,"column":48}},"type":"binary-expr","locations":[{"start":{"line":973,"column":6},"end":{"line":973,"column":22}},{"start":{"line":973,"column":26},"end":{"line":973,"column":48}}],"line":973},"133":{"loc":{"start":{"line":984,"column":2},"end":{"line":987,"column":3}},"type":"if","locations":[{"start":{"line":984,"column":2},"end":{"line":987,"column":3}},{"start":{},"end":{}}],"line":984},"134":{"loc":{"start":{"line":984,"column":6},"end":{"line":984,"column":49}},"type":"binary-expr","locations":[{"start":{"line":984,"column":6},"end":{"line":984,"column":22}},{"start":{"line":984,"column":26},"end":{"line":984,"column":49}}],"line":984},"135":{"loc":{"start":{"line":990,"column":2},"end":{"line":993,"column":3}},"type":"if","locations":[{"start":{"line":990,"column":2},"end":{"line":993,"column":3}},{"start":{},"end":{}}],"line":990},"136":{"loc":{"start":{"line":1003,"column":37},"end":{"line":1003,"column":52}},"type":"default-arg","locations":[{"start":{"line":1003,"column":47},"end":{"line":1003,"column":52}}],"line":1003},"137":{"loc":{"start":{"line":1007,"column":2},"end":{"line":1011,"column":3}},"type":"if","locations":[{"start":{"line":1007,"column":2},"end":{"line":1011,"column":3}},{"start":{},"end":{}}],"line":1007},"138":{"loc":{"start":{"line":1014,"column":2},"end":{"line":1021,"column":3}},"type":"if","locations":[{"start":{"line":1014,"column":2},"end":{"line":1021,"column":3}},{"start":{"line":1016,"column":9},"end":{"line":1021,"column":3}}],"line":1014},"139":{"loc":{"start":{"line":1018,"column":24},"end":{"line":1018,"column":116}},"type":"cond-expr","locations":[{"start":{"line":1018,"column":71},"end":{"line":1018,"column":109}},{"start":{"line":1018,"column":112},"end":{"line":1018,"column":116}}],"line":1018},"140":{"loc":{"start":{"line":1024,"column":28},"end":{"line":1024,"column":40}},"type":"default-arg","locations":[{"start":{"line":1024,"column":38},"end":{"line":1024,"column":40}}],"line":1024},"141":{"loc":{"start":{"line":1029,"column":2},"end":{"line":1032,"column":3}},"type":"if","locations":[{"start":{"line":1029,"column":2},"end":{"line":1032,"column":3}},{"start":{},"end":{}}],"line":1029},"142":{"loc":{"start":{"line":1033,"column":2},"end":{"line":1036,"column":3}},"type":"if","locations":[{"start":{"line":1033,"column":2},"end":{"line":1036,"column":3}},{"start":{},"end":{}}],"line":1033},"143":{"loc":{"start":{"line":1037,"column":2},"end":{"line":1040,"column":3}},"type":"if","locations":[{"start":{"line":1037,"column":2},"end":{"line":1040,"column":3}},{"start":{},"end":{}}],"line":1037},"144":{"loc":{"start":{"line":1041,"column":2},"end":{"line":1044,"column":3}},"type":"if","locations":[{"start":{"line":1041,"column":2},"end":{"line":1044,"column":3}},{"start":{},"end":{}}],"line":1041},"145":{"loc":{"start":{"line":1046,"column":16},"end":{"line":1046,"column":80}},"type":"cond-expr","locations":[{"start":{"line":1046,"column":40},"end":{"line":1046,"column":75}},{"start":{"line":1046,"column":78},"end":{"line":1046,"column":80}}],"line":1046},"146":{"loc":{"start":{"line":1052,"column":24},"end":{"line":1052,"column":36}},"type":"binary-expr","locations":[{"start":{"line":1052,"column":24},"end":{"line":1052,"column":32}},{"start":{"line":1052,"column":34},"end":{"line":1052,"column":36}}],"line":1052},"147":{"loc":{"start":{"line":1052,"column":63},"end":{"line":1052,"column":76}},"type":"binary-expr","locations":[{"start":{"line":1052,"column":63},"end":{"line":1052,"column":72}},{"start":{"line":1052,"column":74},"end":{"line":1052,"column":76}}],"line":1052},"148":{"loc":{"start":{"line":1052,"column":102},"end":{"line":1052,"column":110}},"type":"binary-expr","locations":[{"start":{"line":1052,"column":102},"end":{"line":1052,"column":106}},{"start":{"line":1052,"column":108},"end":{"line":1052,"column":110}}],"line":1052},"149":{"loc":{"start":{"line":1052,"column":117},"end":{"line":1052,"column":128}},"type":"binary-expr","locations":[{"start":{"line":1052,"column":117},"end":{"line":1052,"column":124}},{"start":{"line":1052,"column":126},"end":{"line":1052,"column":128}}],"line":1052},"150":{"loc":{"start":{"line":1064,"column":25},"end":{"line":1064,"column":85}},"type":"cond-expr","locations":[{"start":{"line":1064,"column":46},"end":{"line":1064,"column":78}},{"start":{"line":1064,"column":81},"end":{"line":1064,"column":85}}],"line":1064},"151":{"loc":{"start":{"line":1071,"column":24},"end":{"line":1073,"column":20}},"type":"cond-expr","locations":[{"start":{"line":1072,"column":6},"end":{"line":1072,"column":44}},{"start":{"line":1073,"column":6},"end":{"line":1073,"column":20}}],"line":1071},"152":{"loc":{"start":{"line":1077,"column":4},"end":{"line":1077,"column":28}},"type":"cond-expr","locations":[{"start":{"line":1077,"column":23},"end":{"line":1077,"column":24}},{"start":{"line":1077,"column":27},"end":{"line":1077,"column":28}}],"line":1077},"153":{"loc":{"start":{"line":1080,"column":4},"end":{"line":1080,"column":34}},"type":"binary-expr","locations":[{"start":{"line":1080,"column":4},"end":{"line":1080,"column":26}},{"start":{"line":1080,"column":30},"end":{"line":1080,"column":34}}],"line":1080},"154":{"loc":{"start":{"line":1082,"column":4},"end":{"line":1082,"column":31}},"type":"binary-expr","locations":[{"start":{"line":1082,"column":4},"end":{"line":1082,"column":25}},{"start":{"line":1082,"column":29},"end":{"line":1082,"column":31}}],"line":1082},"155":{"loc":{"start":{"line":1083,"column":4},"end":{"line":1083,"column":31}},"type":"binary-expr","locations":[{"start":{"line":1083,"column":4},"end":{"line":1083,"column":23}},{"start":{"line":1083,"column":27},"end":{"line":1083,"column":31}}],"line":1083},"156":{"loc":{"start":{"line":1093,"column":18},"end":{"line":1093,"column":48}},"type":"binary-expr","locations":[{"start":{"line":1093,"column":18},"end":{"line":1093,"column":40}},{"start":{"line":1093,"column":44},"end":{"line":1093,"column":48}}],"line":1093},"157":{"loc":{"start":{"line":1094,"column":17},"end":{"line":1094,"column":44}},"type":"binary-expr","locations":[{"start":{"line":1094,"column":17},"end":{"line":1094,"column":38}},{"start":{"line":1094,"column":42},"end":{"line":1094,"column":44}}],"line":1094},"158":{"loc":{"start":{"line":1095,"column":15},"end":{"line":1095,"column":42}},"type":"binary-expr","locations":[{"start":{"line":1095,"column":15},"end":{"line":1095,"column":34}},{"start":{"line":1095,"column":38},"end":{"line":1095,"column":42}}],"line":1095},"159":{"loc":{"start":{"line":1102,"column":2},"end":{"line":1102,"column":24}},"type":"if","locations":[{"start":{"line":1102,"column":2},"end":{"line":1102,"column":24}},{"start":{},"end":{}}],"line":1102},"160":{"loc":{"start":{"line":1111,"column":17},"end":{"line":1111,"column":38}},"type":"binary-expr","locations":[{"start":{"line":1111,"column":17},"end":{"line":1111,"column":32}},{"start":{"line":1111,"column":36},"end":{"line":1111,"column":38}}],"line":1111},"161":{"loc":{"start":{"line":1139,"column":17},"end":{"line":1139,"column":38}},"type":"binary-expr","locations":[{"start":{"line":1139,"column":17},"end":{"line":1139,"column":32}},{"start":{"line":1139,"column":36},"end":{"line":1139,"column":38}}],"line":1139},"162":{"loc":{"start":{"line":1149,"column":2},"end":{"line":1151,"column":3}},"type":"if","locations":[{"start":{"line":1149,"column":2},"end":{"line":1151,"column":3}},{"start":{},"end":{}}],"line":1149},"163":{"loc":{"start":{"line":1158,"column":24},"end":{"line":1158,"column":38}},"type":"default-arg","locations":[{"start":{"line":1158,"column":37},"end":{"line":1158,"column":38}}],"line":1158},"164":{"loc":{"start":{"line":1163,"column":2},"end":{"line":1165,"column":3}},"type":"if","locations":[{"start":{"line":1163,"column":2},"end":{"line":1165,"column":3}},{"start":{},"end":{}}],"line":1163},"165":{"loc":{"start":{"line":1226,"column":9},"end":{"line":1226,"column":31}},"type":"cond-expr","locations":[{"start":{"line":1226,"column":15},"end":{"line":1226,"column":24}},{"start":{"line":1226,"column":27},"end":{"line":1226,"column":31}}],"line":1226},"166":{"loc":{"start":{"line":1273,"column":2},"end":{"line":1273,"column":55}},"type":"if","locations":[{"start":{"line":1273,"column":2},"end":{"line":1273,"column":55}},{"start":{},"end":{}}],"line":1273},"167":{"loc":{"start":{"line":1282,"column":4},"end":{"line":1291,"column":5}},"type":"if","locations":[{"start":{"line":1282,"column":4},"end":{"line":1291,"column":5}},{"start":{},"end":{}}],"line":1282},"168":{"loc":{"start":{"line":1285,"column":21},"end":{"line":1285,"column":59}},"type":"cond-expr","locations":[{"start":{"line":1285,"column":44},"end":{"line":1285,"column":50}},{"start":{"line":1285,"column":53},"end":{"line":1285,"column":59}}],"line":1285},"169":{"loc":{"start":{"line":1300,"column":9},"end":{"line":1300,"column":80}},"type":"binary-expr","locations":[{"start":{"line":1300,"column":9},"end":{"line":1300,"column":53}},{"start":{"line":1300,"column":57},"end":{"line":1300,"column":80}}],"line":1300},"170":{"loc":{"start":{"line":1306,"column":58},"end":{"line":1306,"column":73}},"type":"default-arg","locations":[{"start":{"line":1306,"column":69},"end":{"line":1306,"column":73}}],"line":1306},"171":{"loc":{"start":{"line":1306,"column":75},"end":{"line":1306,"column":83}},"type":"default-arg","locations":[{"start":{"line":1306,"column":82},"end":{"line":1306,"column":83}}],"line":1306},"172":{"loc":{"start":{"line":1320,"column":2},"end":{"line":1320,"column":24}},"type":"if","locations":[{"start":{"line":1320,"column":2},"end":{"line":1320,"column":24}},{"start":{},"end":{}}],"line":1320},"173":{"loc":{"start":{"line":1321,"column":28},"end":{"line":1321,"column":55}},"type":"binary-expr","locations":[{"start":{"line":1321,"column":28},"end":{"line":1321,"column":47}},{"start":{"line":1321,"column":51},"end":{"line":1321,"column":55}}],"line":1321},"174":{"loc":{"start":{"line":1322,"column":2},"end":{"line":1326,"column":3}},"type":"if","locations":[{"start":{"line":1322,"column":2},"end":{"line":1326,"column":3}},{"start":{},"end":{}}],"line":1322},"175":{"loc":{"start":{"line":1333,"column":2},"end":{"line":1333,"column":24}},"type":"if","locations":[{"start":{"line":1333,"column":2},"end":{"line":1333,"column":24}},{"start":{},"end":{}}],"line":1333},"176":{"loc":{"start":{"line":1334,"column":30},"end":{"line":1334,"column":57}},"type":"binary-expr","locations":[{"start":{"line":1334,"column":30},"end":{"line":1334,"column":49}},{"start":{"line":1334,"column":53},"end":{"line":1334,"column":57}}],"line":1334},"177":{"loc":{"start":{"line":1349,"column":2},"end":{"line":1349,"column":24}},"type":"if","locations":[{"start":{"line":1349,"column":2},"end":{"line":1349,"column":24}},{"start":{},"end":{}}],"line":1349},"178":{"loc":{"start":{"line":1350,"column":30},"end":{"line":1350,"column":57}},"type":"binary-expr","locations":[{"start":{"line":1350,"column":30},"end":{"line":1350,"column":49}},{"start":{"line":1350,"column":53},"end":{"line":1350,"column":57}}],"line":1350}},"s":{"0":1,"1":1,"2":1,"3":1,"4":1,"5":1,"6":1,"7":130,"8":1,"9":1,"10":1,"11":0,"12":1,"13":1,"14":1,"15":130,"16":1,"17":1,"18":3,"19":0,"20":3,"21":3,"22":3,"23":6,"24":0,"25":6,"26":2,"27":4,"28":4,"29":4,"30":1,"31":1,"32":1,"33":1,"34":1,"35":1,"36":1,"37":1,"38":1,"39":0,"40":0,"41":0,"42":0,"43":0,"44":0,"45":0,"46":0,"47":0,"48":0,"49":0,"50":0,"51":1,"52":1,"53":1,"54":1,"55":1,"56":1,"57":1,"58":1,"59":1,"60":1,"61":1,"62":1,"63":1,"64":0,"65":0,"66":1,"67":1,"68":1,"69":0,"70":0,"71":1,"72":1,"73":0,"74":1,"75":0,"76":1,"77":1,"78":1,"79":0,"80":0,"81":1,"82":1,"83":1,"84":0,"85":0,"86":0,"87":0,"88":0,"89":0,"90":0,"91":0,"92":0,"93":0,"94":0,"95":0,"96":0,"97":0,"98":0,"99":0,"100":0,"101":0,"102":0,"103":0,"104":0,"105":0,"106":0,"107":0,"108":0,"109":0,"110":0,"111":1,"112":11,"113":11,"114":11,"115":11,"116":11,"117":11,"118":11,"119":11,"120":11,"121":11,"122":11,"123":0,"124":0,"125":0,"126":27,"127":27,"128":27,"129":0,"130":0,"131":0,"132":0,"133":0,"134":0,"135":0,"136":0,"137":1,"138":1,"139":1,"140":0,"141":1,"142":1,"143":1,"144":0,"145":0,"146":0,"147":0,"148":0,"149":0,"150":1,"151":0,"152":0,"153":1,"154":1,"155":1,"156":1,"157":0,"158":0,"159":1,"160":1,"161":1,"162":1,"163":1,"164":1,"165":1,"166":0,"167":0,"168":0,"169":0,"170":0,"171":0,"172":0,"173":0,"174":0,"175":0,"176":0,"177":0,"178":0,"179":0,"180":0,"181":0,"182":0,"183":0,"184":0,"185":0,"186":0,"187":0,"188":0,"189":0,"190":0,"191":0,"192":0,"193":0,"194":0,"195":0,"196":0,"197":0,"198":0,"199":12,"200":12,"201":12,"202":1,"203":11,"204":11,"205":11,"206":1,"207":1,"208":1,"209":0,"210":1,"211":1,"212":0,"213":1,"214":1,"215":1,"216":1,"217":1,"218":1,"219":0,"220":0,"221":0,"222":0,"223":0,"224":0,"225":0,"226":0,"227":0,"228":0,"229":0,"230":0,"231":0,"232":0,"233":3,"234":3,"235":3,"236":1,"237":2,"238":2,"239":1,"240":1,"241":1,"242":1,"243":1,"244":1,"245":1,"246":0,"247":0,"248":0,"249":0,"250":0,"251":0,"252":0,"253":0,"254":0,"255":0,"256":0,"257":0,"258":0,"259":0,"260":0,"261":0,"262":0,"263":0,"264":0,"265":0,"266":0,"267":0,"268":0,"269":0,"270":0,"271":0,"272":0,"273":0,"274":0,"275":0,"276":6,"277":0,"278":6,"279":6,"280":6,"281":6,"282":6,"283":5,"284":6,"285":5,"286":6,"287":6,"288":6,"289":0,"290":6,"291":6,"292":0,"293":0,"294":0,"295":0,"296":0,"297":0,"298":0,"299":6,"300":5,"301":5,"302":5,"303":5,"304":5,"305":5,"306":1,"307":6,"308":1,"309":5,"310":10,"311":10,"312":10,"313":10,"314":10,"315":5,"316":5,"317":0,"318":5,"319":3,"320":2,"321":0,"322":2,"323":0,"324":10,"325":2,"326":2,"327":2,"328":2,"329":2,"330":1,"331":1,"332":9,"333":7,"334":2,"335":5,"336":3,"337":1,"338":2,"339":5,"340":0,"341":0,"342":2,"343":2,"344":0,"345":0,"346":0,"347":0,"348":0,"349":0,"350":0,"351":0,"352":0,"353":0,"354":0,"355":0,"356":0,"357":0,"358":0,"359":0,"360":0,"361":0,"362":0,"363":0,"364":0,"365":0,"366":25,"367":25,"368":25,"369":5,"370":5,"371":1,"372":1,"373":0,"374":1,"375":1,"376":1,"377":0,"378":0,"379":0,"380":0,"381":0,"382":3,"383":3,"384":3,"385":3,"386":3,"387":3,"388":3,"389":0,"390":3,"391":3,"392":3,"393":3,"394":3,"395":3,"396":1,"397":2,"398":2,"399":0,"400":0,"401":2,"402":0,"403":0,"404":0,"405":0,"406":0,"407":0,"408":0,"409":0,"410":0,"411":0,"412":0,"413":0,"414":0,"415":1,"416":1,"417":0,"418":0,"419":0,"420":0,"421":0,"422":0,"423":0,"424":0,"425":1,"426":1,"427":0,"428":0,"429":0,"430":0,"431":0,"432":0,"433":0,"434":0,"435":0,"436":0,"437":0,"438":0,"439":0,"440":0,"441":0,"442":0,"443":0,"444":0,"445":0,"446":2,"447":2,"448":2,"449":2,"450":2,"451":2,"452":1,"453":5,"454":5,"455":5,"456":5,"457":2,"458":3,"459":1,"460":2,"461":0,"462":0,"463":2,"464":0,"465":0,"466":2,"467":10,"468":10,"469":10,"470":1,"471":1,"472":9,"473":9,"474":3,"475":6,"476":6,"477":6,"478":0,"479":0,"480":0,"481":0,"482":0,"483":0,"484":0,"485":0,"486":0,"487":0,"488":0,"489":0,"490":0,"491":0,"492":0,"493":0,"494":0,"495":0,"496":0,"497":0,"498":0,"499":0,"500":3,"501":3,"502":3,"503":3,"504":3,"505":3,"506":3,"507":3,"508":3,"509":3,"510":0,"511":3,"512":0,"513":0,"514":0,"515":0,"516":0,"517":0,"518":0,"519":0,"520":0,"521":0,"522":0,"523":0,"524":0,"525":0,"526":0,"527":0,"528":0,"529":0,"530":0,"531":0,"532":0,"533":0,"534":0,"535":0,"536":0,"537":0,"538":0,"539":0,"540":0,"541":0,"542":0,"543":0,"544":0,"545":0,"546":0,"547":0,"548":0,"549":0,"550":0,"551":0,"552":0,"553":0,"554":1,"555":0,"556":0,"557":0,"558":0,"559":0,"560":0,"561":0,"562":0,"563":0,"564":0,"565":0,"566":0,"567":0,"568":0,"569":0,"570":0,"571":0,"572":0,"573":0,"574":0,"575":0,"576":0,"577":0,"578":0,"579":0,"580":0,"581":0,"582":0,"583":0,"584":0,"585":0,"586":0,"587":0,"588":0,"589":0,"590":0,"591":0,"592":0,"593":0,"594":0,"595":0,"596":0,"597":0,"598":0,"599":0,"600":0,"601":0,"602":0,"603":0,"604":0,"605":0,"606":0,"607":0,"608":0,"609":0,"610":0,"611":0,"612":0,"613":0,"614":0,"615":0,"616":0,"617":0,"618":0,"619":0,"620":0,"621":0,"622":0,"623":0,"624":0,"625":0,"626":0,"627":0,"628":1},"f":{"0":130,"1":3,"2":6,"3":1,"4":1,"5":1,"6":0,"7":0,"8":0,"9":11,"10":27,"11":0,"12":0,"13":1,"14":0,"15":12,"16":1,"17":0,"18":0,"19":3,"20":0,"21":0,"22":0,"23":0,"24":6,"25":5,"26":5,"27":6,"28":0,"29":0,"30":0,"31":5,"32":5,"33":10,"34":2,"35":2,"36":3,"37":0,"38":2,"39":0,"40":0,"41":0,"42":0,"43":0,"44":0,"45":0,"46":0,"47":0,"48":25,"49":5,"50":1,"51":1,"52":0,"53":3,"54":3,"55":0,"56":1,"57":0,"58":0,"59":1,"60":0,"61":2,"62":5,"63":10,"64":0,"65":0,"66":3,"67":3,"68":0,"69":0,"70":0,"71":0,"72":0,"73":0,"74":0,"75":0,"76":0,"77":0,"78":0,"79":0,"80":0,"81":0,"82":0,"83":0,"84":0,"85":0,"86":0,"87":0,"88":0,"89":0,"90":0,"91":0,"92":0,"93":0,"94":0},"b":{"0":[1,0],"1":[1,129],"2":[0,1],"3":[0,3],"4":[0,6],"5":[6,6],"6":[2,4],"7":[1,0],"8":[0,0],"9":[0,0],"10":[0,0],"11":[0,0],"12":[0,0],"13":[0,1],"14":[0,0],"15":[0,0],"16":[0,0],"17":[0,0],"18":[0,0],"19":[0,0],"20":[0,0],"21":[0,0],"22":[0],"23":[11],"24":[11],"25":[11,0],"26":[11,0],"27":[11,0],"28":[11,0],"29":[11,0],"30":[0,11],"31":[0,0],"32":[0],"33":[0],"34":[0],"35":[0],"36":[0],"37":[0,0],"38":[0,0],"39":[0,0],"40":[0,0],"41":[0,0],"42":[0,0],"43":[0,1],"44":[0,1],"45":[0,1],"46":[1,0],"47":[0,1],"48":[0,0],"49":[0,0],"50":[0,0],"51":[0,0],"52":[0,0],"53":[0,0],"54":[0,0],"55":[0,0],"56":[0,0],"57":[1,11],"58":[0,1],"59":[0,1],"60":[1,0],"61":[1,0],"62":[0,0],"63":[0,0],"64":[0,0],"65":[0,0],"66":[1,2],"67":[1,1],"68":[1,1],"69":[1,1],"70":[0,0],"71":[0,0],"72":[0,0],"73":[0,0],"74":[0,0],"75":[0,0],"76":[0,6],"77":[6,6],"78":[6,6],"79":[6,1],"80":[0],"81":[0],"82":[5],"83":[3],"84":[0,6],"85":[6,0],"86":[0,6],"87":[6,1],"88":[5,1],"89":[1,5],"90":[6,1],"91":[10,0],"92":[10,8],"93":[5,5],"94":[0,5],"95":[3,2],"96":[5,3],"97":[0,2],"98":[0,2],"99":[2,0,0],"100":[2,8],"101":[1,1],"102":[7,2],"103":[1,2],"104":[0],"105":[0],"106":[0],"107":[0],"108":[0],"109":[0,1],"110":[3],"111":[3],"112":[0,3],"113":[1,2],"114":[0,2],"115":[0,0],"116":[0,0],"117":[0,0],"118":[0,0],"119":[0],"120":[0],"121":[1],"122":[0],"123":[0],"124":[0],"125":[0,0],"126":[0,0],"127":[0,0],"128":[0,0],"129":[0,0],"130":[2,3],"131":[1,2],"132":[3,1],"133":[0,2],"134":[2,0],"135":[0,2],"136":[9],"137":[1,9],"138":[3,6],"139":[1,5],"140":[0],"141":[0,0],"142":[0,0],"143":[0,0],"144":[0,0],"145":[0,0],"146":[0,0],"147":[0,0],"148":[0,0],"149":[0,0],"150":[2,1],"151":[3,0],"152":[0,3],"153":[3,3],"154":[3,3],"155":[3,3],"156":[3,3],"157":[3,3],"158":[3,3],"159":[0,3],"160":[3,3],"161":[0,0],"162":[0,0],"163":[0],"164":[0,0],"165":[0,0],"166":[0,0],"167":[0,0],"168":[0,0],"169":[0,0],"170":[0],"171":[0],"172":[0,0],"173":[0,0],"174":[0,0],"175":[0,0],"176":[0,0],"177":[0,0],"178":[0,0]},"_coverageSchema":"1a1c01bbd47fc00a2c39e90264f33305004495a9","hash":"7d7f3183db225a4b04bca7bbc4846721c8b3ab97"}
}
