TN:
SF:crypto.js
FN:24,deriveKey
FN:34,encrypt
FN:57,decrypt
FN:83,encryptFile
FN:93,decryptFile
FN:103,verifyPassword
FN:113,getEncryptionInfo
FNF:7
FNH:0
FNDA:0,deriveKey
FNDA:0,encrypt
FNDA:0,decrypt
FNDA:0,encryptFile
FNDA:0,decryptFile
FNDA:0,verifyPassword
FNDA:0,getEncryptionInfo
DA:8,0
DA:11,0
DA:12,0
DA:13,0
DA:14,0
DA:15,0
DA:16,0
DA:25,0
DA:35,0
DA:36,0
DA:37,0
DA:39,0
DA:43,0
DA:44,0
DA:45,0
DA:48,0
DA:58,0
DA:59,0
DA:60,0
DA:61,0
DA:62,0
DA:64,0
DA:66,0
DA:69,0
DA:71,0
DA:73,0
DA:84,0
DA:94,0
DA:104,0
DA:105,0
DA:114,0
DA:115,0
DA:117,0
DA:126,0
LF:34
LH:0
BRDA:43,0,0,0
BRDA:43,0,1,0
BRDA:114,1,0,0
BRDA:114,1,1,0
BRF:4
BRH:0
end_of_record
TN:
SF:db.js
FN:17,getDb
FN:38,hashPassword
FN:45,verifyPassword
FN:57,initDatabase
FN:100,initSchemaV1
FN:221,initSchemaV2
FN:263,initSchemaV3
FN:289,initSchemaV4
FN:310,runMigrations
FN:329,addFile
FN:357,getFileByName
FN:363,getFile
FN:368,listFiles
FN:385,updateFileByName
FN:416,updateFile
FN:450,deleteFileByName
FN:460,renameFile
FN:483,deleteFilesByPrefix
FN:491,renameFilesByPrefix
FN:507,copyFile
FN:544,copyFilesByPrefix
FN:559,deleteFile
FN:569,deleteOldFiles
FN:582,deleteAllFiles
FN:596,tokenizeQuery
FN:604,(anonymous_25)
FN:605,(anonymous_26)
FN:612,searchFiles
FN:624,(anonymous_28)
FN:625,(anonymous_29)
FN:626,(anonymous_30)
FN:636,(anonymous_31)
FN:640,(anonymous_32)
FN:655,(anonymous_33)
FN:685,(anonymous_34)
FN:686,(anonymous_35)
FN:698,(anonymous_36)
FN:706,getFilesByHashSince
FN:715,getFileCount
FN:720,getTotalStorageSize
FN:729,registerDevice
FN:745,getDevice
FN:750,listDevices
FN:755,setDeviceOffline
FN:760,setDeviceOnline
FN:765,touchDevice
FN:770,getOnlineDevices
FN:775,cleanupStaleDevices
FN:784,addSyncLog
FN:793,getUnsyncedLogs
FN:804,markLogsSynced
FN:807,(anonymous_51)
FN:811,getSyncStatus
FN:822,generateToken
FN:844,validateToken
FN:858,refreshToken
FN:882,revokeToken
FN:887,revokeAllTokens
FN:895,cleanupExpiredTokens
FN:908,addAuditLog
FN:916,listAuditLogs
FN:945,getAuditStats
FN:965,checkRateLimit
FN:1003,recordRateLimitAttempt
FN:1024,exportAuditLogsCSV
FN:1050,(anonymous_65)
FN:1061,saveShareLink
FN:1099,getShareLink
FN:1118,deleteShareLink
FN:1123,incrementShareLinkDownload
FN:1128,listShareLinks
FN:1131,(anonymous_71)
FN:1145,cleanupExpiredShareLinks
FN:1158,cleanupSyncLog
FN:1169,getDbStats
FN:1203,runVacuum
FN:1209,checkDbIntegrity
FN:1223,getTagColor
FN:1229,setTagColor
FN:1235,getAllTagColors
FN:1240,getSuggestedColor
FN:1249,deleteTagColor
FN:1255,getAllTags
FN:1260,(anonymous_83)
FN:1261,(anonymous_84)
FN:1269,migrateFromFileSystem
FN:1298,isTextFile
FN:1300,(anonymous_87)
FN:1306,initChunkUpload
FN:1312,getChunkUpload
FN:1317,addChunkReceived
FN:1324,(anonymous_91)
FN:1330,getChunkUploadStatus
FN:1338,deleteChunkUpload
FN:1344,getIncompleteUpload
FNF:95
FNH:36
FNDA:130,getDb
FNDA:3,hashPassword
FNDA:6,verifyPassword
FNDA:1,initDatabase
FNDA:1,initSchemaV1
FNDA:1,initSchemaV2
FNDA:0,initSchemaV3
FNDA:0,initSchemaV4
FNDA:0,runMigrations
FNDA:11,addFile
FNDA:27,getFileByName
FNDA:0,getFile
FNDA:0,listFiles
FNDA:1,updateFileByName
FNDA:0,updateFile
FNDA:12,deleteFileByName
FNDA:1,renameFile
FNDA:0,deleteFilesByPrefix
FNDA:0,renameFilesByPrefix
FNDA:3,copyFile
FNDA:0,copyFilesByPrefix
FNDA:0,deleteFile
FNDA:0,deleteOldFiles
FNDA:0,deleteAllFiles
FNDA:6,tokenizeQuery
FNDA:5,(anonymous_25)
FNDA:5,(anonymous_26)
FNDA:6,searchFiles
FNDA:0,(anonymous_28)
FNDA:0,(anonymous_29)
FNDA:0,(anonymous_30)
FNDA:5,(anonymous_31)
FNDA:5,(anonymous_32)
FNDA:10,(anonymous_33)
FNDA:2,(anonymous_34)
FNDA:2,(anonymous_35)
FNDA:3,(anonymous_36)
FNDA:0,getFilesByHashSince
FNDA:2,getFileCount
FNDA:0,getTotalStorageSize
FNDA:0,registerDevice
FNDA:0,getDevice
FNDA:0,listDevices
FNDA:0,setDeviceOffline
FNDA:0,setDeviceOnline
FNDA:0,touchDevice
FNDA:0,getOnlineDevices
FNDA:0,cleanupStaleDevices
FNDA:25,addSyncLog
FNDA:5,getUnsyncedLogs
FNDA:1,markLogsSynced
FNDA:1,(anonymous_51)
FNDA:0,getSyncStatus
FNDA:3,generateToken
FNDA:3,validateToken
FNDA:0,refreshToken
FNDA:1,revokeToken
FNDA:0,revokeAllTokens
FNDA:0,cleanupExpiredTokens
FNDA:1,addAuditLog
FNDA:0,listAuditLogs
FNDA:2,getAuditStats
FNDA:5,checkRateLimit
FNDA:10,recordRateLimitAttempt
FNDA:0,exportAuditLogsCSV
FNDA:0,(anonymous_65)
FNDA:3,saveShareLink
FNDA:3,getShareLink
FNDA:0,deleteShareLink
FNDA:0,incrementShareLinkDownload
FNDA:0,listShareLinks
FNDA:0,(anonymous_71)
FNDA:0,cleanupExpiredShareLinks
FNDA:0,cleanupSyncLog
FNDA:0,getDbStats
FNDA:0,runVacuum
FNDA:0,checkDbIntegrity
FNDA:0,getTagColor
FNDA:0,setTagColor
FNDA:0,getAllTagColors
FNDA:0,getSuggestedColor
FNDA:0,deleteTagColor
FNDA:0,getAllTags
FNDA:0,(anonymous_83)
FNDA:0,(anonymous_84)
FNDA:0,migrateFromFileSystem
FNDA:0,isTextFile
FNDA:0,(anonymous_87)
FNDA:0,initChunkUpload
FNDA:0,getChunkUpload
FNDA:0,addChunkReceived
FNDA:0,(anonymous_91)
FNDA:0,getChunkUploadStatus
FNDA:0,deleteChunkUpload
FNDA:0,getIncompleteUpload
DA:7,1
DA:8,1
DA:9,1
DA:10,1
DA:12,1
DA:13,1
DA:15,1
DA:18,130
DA:19,1
DA:20,1
DA:21,1
DA:22,0
DA:24,1
DA:25,1
DA:26,1
DA:28,130
DA:35,1
DA:36,1
DA:39,3
DA:40,3
DA:41,3
DA:42,3
DA:46,6
DA:48,6
DA:49,4
DA:50,4
DA:51,4
DA:58,1
DA:61,1
DA:70,1
DA:71,1
DA:72,1
DA:73,1
DA:74,1
DA:75,1
DA:76,1
DA:80,0
DA:81,0
DA:83,0
DA:86,0
DA:87,0
DA:88,0
DA:89,0
DA:90,0
DA:92,0
DA:93,0
DA:96,0
DA:97,0
DA:102,1
DA:118,1
DA:131,1
DA:146,1
DA:159,1
DA:171,1
DA:182,1
DA:198,1
DA:207,1
DA:218,1
DA:223,1
DA:224,1
DA:225,1
DA:227,0
DA:231,1
DA:232,1
DA:233,1
DA:235,0
DA:239,1
DA:240,1
DA:241,0
DA:243,1
DA:247,1
DA:248,1
DA:249,1
DA:251,0
DA:255,1
DA:256,1
DA:257,1
DA:259,0
DA:265,0
DA:266,0
DA:275,0
DA:277,0
DA:281,0
DA:282,0
DA:283,0
DA:285,0
DA:291,0
DA:292,0
DA:304,0
DA:306,0
DA:311,0
DA:312,0
DA:313,0
DA:314,0
DA:315,0
DA:316,0
DA:317,0
DA:318,0
DA:320,0
DA:327,1
DA:330,11
DA:331,11
DA:332,11
DA:333,11
DA:335,11
DA:336,11
DA:337,11
DA:341,11
DA:342,11
DA:345,11
DA:347,11
DA:349,0
DA:351,0
DA:353,0
DA:358,27
DA:359,27
DA:360,27
DA:364,0
DA:365,0
DA:369,0
DA:370,0
DA:371,0
DA:372,0
DA:379,0
DA:382,0
DA:386,1
DA:387,1
DA:388,1
DA:390,1
DA:391,1
DA:393,1
DA:394,0
DA:395,0
DA:396,0
DA:397,0
DA:398,0
DA:399,0
DA:401,1
DA:402,1
DA:403,1
DA:405,1
DA:406,1
DA:408,1
DA:409,1
DA:411,1
DA:412,1
DA:413,1
DA:417,0
DA:418,0
DA:419,0
DA:421,0
DA:422,0
DA:424,0
DA:425,0
DA:426,0
DA:427,0
DA:428,0
DA:429,0
DA:430,0
DA:432,0
DA:433,0
DA:434,0
DA:435,0
DA:437,0
DA:438,0
DA:440,0
DA:441,0
DA:443,0
DA:444,0
DA:445,0
DA:447,0
DA:451,12
DA:452,12
DA:453,12
DA:455,11
DA:456,11
DA:457,11
DA:461,1
DA:462,1
DA:463,1
DA:466,1
DA:467,1
DA:470,1
DA:471,1
DA:474,1
DA:475,1
DA:476,1
DA:479,1
DA:484,0
DA:485,0
DA:486,0
DA:487,0
DA:492,0
DA:493,0
DA:494,0
DA:496,0
DA:497,0
DA:498,0
DA:499,0
DA:500,0
DA:501,0
DA:503,0
DA:508,3
DA:509,3
DA:510,3
DA:513,2
DA:514,2
DA:517,1
DA:518,1
DA:522,1
DA:535,1
DA:538,1
DA:540,1
DA:545,0
DA:546,0
DA:547,0
DA:548,0
DA:549,0
DA:550,0
DA:551,0
DA:552,0
DA:554,0
DA:556,0
DA:560,0
DA:561,0
DA:562,0
DA:564,0
DA:565,0
DA:566,0
DA:570,0
DA:571,0
DA:573,0
DA:574,0
DA:575,0
DA:578,0
DA:579,0
DA:583,0
DA:584,0
DA:585,0
DA:586,0
DA:588,0
DA:589,0
DA:597,6
DA:598,6
DA:600,6
DA:601,6
DA:603,6
DA:604,6
DA:605,6
DA:613,6
DA:614,6
DA:616,6
DA:617,0
DA:620,6
DA:623,6
DA:624,0
DA:625,0
DA:626,0
DA:627,0
DA:634,6
DA:636,5
DA:640,5
DA:642,5
DA:643,5
DA:647,1
DA:650,6
DA:651,1
DA:655,5
DA:656,10
DA:657,10
DA:658,10
DA:660,10
DA:662,10
DA:663,5
DA:666,5
DA:667,0
DA:670,5
DA:671,3
DA:674,2
DA:675,0
DA:678,2
DA:679,0
DA:684,10
DA:685,2
DA:686,2
DA:687,2
DA:688,1
DA:691,9
DA:692,7
DA:694,2
DA:698,5
DA:699,3
DA:700,2
DA:703,5
DA:707,0
DA:708,0
DA:716,2
DA:717,2
DA:721,0
DA:722,0
DA:723,0
DA:730,0
DA:731,0
DA:741,0
DA:742,0
DA:746,0
DA:747,0
DA:751,0
DA:752,0
DA:756,0
DA:757,0
DA:761,0
DA:762,0
DA:766,0
DA:767,0
DA:771,0
DA:772,0
DA:776,0
DA:777,0
DA:778,0
DA:785,25
DA:786,25
DA:790,25
DA:794,5
DA:795,5
DA:805,1
DA:806,1
DA:807,1
DA:808,1
DA:812,0
DA:813,0
DA:814,0
DA:815,0
DA:816,0
DA:823,3
DA:824,3
DA:825,3
DA:826,3
DA:827,3
DA:828,3
DA:831,3
DA:832,0
DA:835,3
DA:839,3
DA:841,3
DA:845,3
DA:846,3
DA:847,3
DA:849,2
DA:850,2
DA:851,0
DA:852,0
DA:855,2
DA:859,0
DA:860,0
DA:861,0
DA:863,0
DA:865,0
DA:866,0
DA:869,0
DA:870,0
DA:871,0
DA:872,0
DA:874,0
DA:879,0
DA:883,1
DA:884,1
DA:888,0
DA:889,0
DA:896,0
DA:897,0
DA:898,0
DA:899,0
DA:900,0
DA:902,0
DA:909,1
DA:910,1
DA:917,0
DA:918,0
DA:919,0
DA:921,0
DA:922,0
DA:923,0
DA:925,0
DA:926,0
DA:927,0
DA:929,0
DA:930,0
DA:931,0
DA:933,0
DA:934,0
DA:935,0
DA:938,0
DA:939,0
DA:940,0
DA:942,0
DA:946,2
DA:947,2
DA:948,2
DA:949,2
DA:951,2
DA:952,2
DA:959,1
DA:966,5
DA:967,5
DA:968,5
DA:970,5
DA:973,3
DA:974,1
DA:984,2
DA:985,0
DA:986,0
DA:990,2
DA:991,0
DA:992,0
DA:996,2
DA:1004,10
DA:1005,10
DA:1007,10
DA:1009,1
DA:1010,1
DA:1013,9
DA:1014,9
DA:1015,3
DA:1017,6
DA:1018,6
DA:1019,6
DA:1025,0
DA:1026,0
DA:1027,0
DA:1029,0
DA:1030,0
DA:1031,0
DA:1033,0
DA:1034,0
DA:1035,0
DA:1037,0
DA:1038,0
DA:1039,0
DA:1041,0
DA:1042,0
DA:1043,0
DA:1046,0
DA:1047,0
DA:1049,0
DA:1050,0
DA:1051,0
DA:1052,0
DA:1055,0
DA:1062,3
DA:1064,3
DA:1065,3
DA:1070,3
DA:1071,3
DA:1074,3
DA:1086,3
DA:1100,3
DA:1101,3
DA:1102,3
DA:1103,3
DA:1119,0
DA:1120,0
DA:1124,0
DA:1125,0
DA:1129,0
DA:1130,0
DA:1131,0
DA:1146,0
DA:1147,0
DA:1148,0
DA:1149,0
DA:1150,0
DA:1152,0
DA:1159,0
DA:1160,0
DA:1162,0
DA:1163,0
DA:1164,0
DA:1166,0
DA:1170,0
DA:1171,0
DA:1172,0
DA:1173,0
DA:1174,0
DA:1175,0
DA:1176,0
DA:1177,0
DA:1178,0
DA:1179,0
DA:1182,0
DA:1183,0
DA:1184,0
DA:1185,0
DA:1186,0
DA:1189,0
DA:1204,0
DA:1205,0
DA:1206,0
DA:1210,0
DA:1211,0
DA:1212,0
DA:1218,1
DA:1224,0
DA:1225,0
DA:1226,0
DA:1230,0
DA:1231,0
DA:1232,0
DA:1236,0
DA:1237,0
DA:1242,0
DA:1243,0
DA:1244,0
DA:1246,0
DA:1250,0
DA:1251,0
DA:1256,0
DA:1257,0
DA:1258,0
DA:1259,0
DA:1260,0
DA:1261,0
DA:1263,0
DA:1270,0
DA:1271,0
DA:1273,0
DA:1275,0
DA:1276,0
DA:1278,0
DA:1279,0
DA:1280,0
DA:1282,0
DA:1283,0
DA:1284,0
DA:1285,0
DA:1286,0
DA:1287,0
DA:1294,0
DA:1295,0
DA:1299,0
DA:1300,0
DA:1307,0
DA:1308,0
DA:1313,0
DA:1314,0
DA:1318,0
DA:1319,0
DA:1320,0
DA:1321,0
DA:1322,0
DA:1323,0
DA:1324,0
DA:1325,0
DA:1327,0
DA:1331,0
DA:1332,0
DA:1333,0
DA:1334,0
DA:1335,0
DA:1339,0
DA:1340,0
DA:1345,0
DA:1346,0
DA:1349,0
DA:1350,0
DA:1351,0
DA:1354,1
LF:567
LH:234
BRDA:12,0,0,1
BRDA:12,0,1,0
BRDA:18,1,0,1
BRDA:18,1,1,129
BRDA:21,2,0,0
BRDA:21,2,1,1
BRDA:39,3,0,0
BRDA:39,3,1,3
BRDA:46,4,0,0
BRDA:46,4,1,6
BRDA:46,5,0,6
BRDA:46,5,1,6
BRDA:48,6,0,2
BRDA:48,6,1,4
BRDA:71,7,0,1
BRDA:71,7,1,0
BRDA:81,8,0,0
BRDA:81,8,1,0
BRDA:86,9,0,0
BRDA:86,9,1,0
BRDA:90,10,0,0
BRDA:90,10,1,0
BRDA:227,11,0,0
BRDA:227,11,1,0
BRDA:235,12,0,0
BRDA:235,12,1,0
BRDA:243,13,0,0
BRDA:243,13,1,1
BRDA:251,14,0,0
BRDA:251,14,1,0
BRDA:259,15,0,0
BRDA:259,15,1,0
BRDA:277,16,0,0
BRDA:277,16,1,0
BRDA:285,17,0,0
BRDA:285,17,1,0
BRDA:306,18,0,0
BRDA:306,18,1,0
BRDA:313,19,0,0
BRDA:313,19,1,0
BRDA:315,20,0,0
BRDA:315,20,1,0
BRDA:317,21,0,0
BRDA:317,21,1,0
BRDA:329,22,0,0
BRDA:329,23,0,11
BRDA:329,24,0,11
BRDA:331,25,0,11
BRDA:331,25,1,0
BRDA:332,26,0,11
BRDA:332,26,1,0
BRDA:333,27,0,11
BRDA:333,27,1,0
BRDA:336,28,0,11
BRDA:336,28,1,0
BRDA:341,29,0,11
BRDA:341,29,1,0
BRDA:341,30,0,0
BRDA:341,30,1,11
BRDA:349,31,0,0
BRDA:349,31,1,0
BRDA:368,32,0,0
BRDA:368,33,0,0
BRDA:368,34,0,0
BRDA:368,35,0,0
BRDA:368,36,0,0
BRDA:370,37,0,0
BRDA:370,37,1,0
BRDA:371,38,0,0
BRDA:371,38,1,0
BRDA:374,39,0,0
BRDA:374,39,1,0
BRDA:377,40,0,0
BRDA:377,40,1,0
BRDA:380,41,0,0
BRDA:380,41,1,0
BRDA:381,42,0,0
BRDA:381,42,1,0
BRDA:388,43,0,0
BRDA:388,43,1,1
BRDA:393,44,0,0
BRDA:393,44,1,1
BRDA:401,45,0,0
BRDA:401,45,1,1
BRDA:402,46,0,1
BRDA:402,46,1,0
BRDA:403,47,0,0
BRDA:403,47,1,1
BRDA:403,48,0,0
BRDA:403,48,1,0
BRDA:419,49,0,0
BRDA:419,49,1,0
BRDA:424,50,0,0
BRDA:424,50,1,0
BRDA:432,51,0,0
BRDA:432,51,1,0
BRDA:433,52,0,0
BRDA:433,52,1,0
BRDA:434,53,0,0
BRDA:434,53,1,0
BRDA:435,54,0,0
BRDA:435,54,1,0
BRDA:435,55,0,0
BRDA:435,55,1,0
BRDA:444,56,0,0
BRDA:444,56,1,0
BRDA:453,57,0,1
BRDA:453,57,1,11
BRDA:463,58,0,0
BRDA:463,58,1,1
BRDA:467,59,0,0
BRDA:467,59,1,1
BRDA:475,60,0,1
BRDA:475,60,1,0
BRDA:479,61,0,1
BRDA:479,61,1,0
BRDA:485,62,0,0
BRDA:485,62,1,0
BRDA:493,63,0,0
BRDA:493,63,1,0
BRDA:494,64,0,0
BRDA:494,64,1,0
BRDA:499,65,0,0
BRDA:499,65,1,0
BRDA:510,66,0,1
BRDA:510,66,1,2
BRDA:514,67,0,1
BRDA:514,67,1,1
BRDA:531,68,0,1
BRDA:531,68,1,1
BRDA:532,69,0,1
BRDA:532,69,1,1
BRDA:546,70,0,0
BRDA:546,70,1,0
BRDA:551,71,0,0
BRDA:551,71,1,0
BRDA:551,72,0,0
BRDA:551,72,1,0
BRDA:553,73,0,0
BRDA:553,73,1,0
BRDA:553,74,0,0
BRDA:553,74,1,0
BRDA:562,75,0,0
BRDA:562,75,1,0
BRDA:597,76,0,0
BRDA:597,76,1,6
BRDA:597,77,0,6
BRDA:597,77,1,6
BRDA:600,78,0,6
BRDA:600,78,1,6
BRDA:603,79,0,6
BRDA:603,79,1,1
BRDA:612,80,0,0
BRDA:612,81,0,0
BRDA:614,82,0,5
BRDA:614,83,0,3
BRDA:616,84,0,0
BRDA:616,84,1,6
BRDA:616,85,0,6
BRDA:616,85,1,0
BRDA:623,86,0,0
BRDA:623,86,1,6
BRDA:623,87,0,6
BRDA:623,87,1,1
BRDA:634,88,0,5
BRDA:634,88,1,1
BRDA:650,89,0,1
BRDA:650,89,1,5
BRDA:650,90,0,6
BRDA:650,90,1,1
BRDA:657,91,0,10
BRDA:657,91,1,0
BRDA:658,92,0,10
BRDA:658,92,1,8
BRDA:662,93,0,5
BRDA:662,93,1,5
BRDA:666,94,0,0
BRDA:666,94,1,5
BRDA:670,95,0,3
BRDA:670,95,1,2
BRDA:670,96,0,5
BRDA:670,96,1,3
BRDA:674,97,0,0
BRDA:674,97,1,2
BRDA:678,98,0,0
BRDA:678,98,1,2
BRDA:678,99,0,2
BRDA:678,99,1,0
BRDA:678,99,2,0
BRDA:684,100,0,2
BRDA:684,100,1,8
BRDA:687,101,0,1
BRDA:687,101,1,1
BRDA:691,102,0,7
BRDA:691,102,1,2
BRDA:699,103,0,1
BRDA:699,103,1,2
BRDA:729,104,0,0
BRDA:775,105,0,0
BRDA:784,106,0,0
BRDA:784,107,0,0
BRDA:793,108,0,0
BRDA:806,109,0,0
BRDA:806,109,1,1
BRDA:822,110,0,3
BRDA:822,111,0,3
BRDA:831,112,0,0
BRDA:831,112,1,3
BRDA:847,113,0,1
BRDA:847,113,1,2
BRDA:850,114,0,0
BRDA:850,114,1,2
BRDA:861,115,0,0
BRDA:861,115,1,0
BRDA:865,116,0,0
BRDA:865,116,1,0
BRDA:865,117,0,0
BRDA:865,117,1,0
BRDA:899,118,0,0
BRDA:899,118,1,0
BRDA:908,119,0,0
BRDA:908,120,0,0
BRDA:908,121,0,1
BRDA:916,122,0,0
BRDA:916,123,0,0
BRDA:916,124,0,0
BRDA:921,125,0,0
BRDA:921,125,1,0
BRDA:925,126,0,0
BRDA:925,126,1,0
BRDA:929,127,0,0
BRDA:929,127,1,0
BRDA:933,128,0,0
BRDA:933,128,1,0
BRDA:938,129,0,0
BRDA:938,129,1,0
BRDA:970,130,0,2
BRDA:970,130,1,3
BRDA:973,131,0,1
BRDA:973,131,1,2
BRDA:973,132,0,3
BRDA:973,132,1,1
BRDA:984,133,0,0
BRDA:984,133,1,2
BRDA:984,134,0,2
BRDA:984,134,1,0
BRDA:990,135,0,0
BRDA:990,135,1,2
BRDA:1003,136,0,9
BRDA:1007,137,0,1
BRDA:1007,137,1,9
BRDA:1014,138,0,3
BRDA:1014,138,1,6
BRDA:1018,139,0,1
BRDA:1018,139,1,5
BRDA:1024,140,0,0
BRDA:1029,141,0,0
BRDA:1029,141,1,0
BRDA:1033,142,0,0
BRDA:1033,142,1,0
BRDA:1037,143,0,0
BRDA:1037,143,1,0
BRDA:1041,144,0,0
BRDA:1041,144,1,0
BRDA:1046,145,0,0
BRDA:1046,145,1,0
BRDA:1052,146,0,0
BRDA:1052,146,1,0
BRDA:1052,147,0,0
BRDA:1052,147,1,0
BRDA:1052,148,0,0
BRDA:1052,148,1,0
BRDA:1052,149,0,0
BRDA:1052,149,1,0
BRDA:1064,150,0,2
BRDA:1064,150,1,1
BRDA:1071,151,0,3
BRDA:1071,151,1,0
BRDA:1077,152,0,0
BRDA:1077,152,1,3
BRDA:1080,153,0,3
BRDA:1080,153,1,3
BRDA:1082,154,0,3
BRDA:1082,154,1,3
BRDA:1083,155,0,3
BRDA:1083,155,1,3
BRDA:1093,156,0,3
BRDA:1093,156,1,3
BRDA:1094,157,0,3
BRDA:1094,157,1,3
BRDA:1095,158,0,3
BRDA:1095,158,1,3
BRDA:1102,159,0,0
BRDA:1102,159,1,3
BRDA:1111,160,0,3
BRDA:1111,160,1,3
BRDA:1139,161,0,0
BRDA:1139,161,1,0
BRDA:1149,162,0,0
BRDA:1149,162,1,0
BRDA:1158,163,0,0
BRDA:1163,164,0,0
BRDA:1163,164,1,0
BRDA:1226,165,0,0
BRDA:1226,165,1,0
BRDA:1273,166,0,0
BRDA:1273,166,1,0
BRDA:1282,167,0,0
BRDA:1282,167,1,0
BRDA:1285,168,0,0
BRDA:1285,168,1,0
BRDA:1300,169,0,0
BRDA:1300,169,1,0
BRDA:1306,170,0,0
BRDA:1306,171,0,0
BRDA:1320,172,0,0
BRDA:1320,172,1,0
BRDA:1321,173,0,0
BRDA:1321,173,1,0
BRDA:1322,174,0,0
BRDA:1322,174,1,0
BRDA:1333,175,0,0
BRDA:1333,175,1,0
BRDA:1334,176,0,0
BRDA:1334,176,1,0
BRDA:1349,177,0,0
BRDA:1349,177,1,0
BRDA:1350,178,0,0
BRDA:1350,178,1,0
BRF:329
BRH:123
end_of_record
